('True eta_u_view---', -0.5967344344564693, 'Estimated eta_u_view---', 0.36008871745459525)
('True view0---', 0.5226561000330826, 'Estimated view0---', 1.160523470247034)
('True eta_a_transcript---', array([ 0.61491514, -0.43103294,  0.37665616,  0.23724398, -0.7066787 ,
       -0.16708344, -0.63424827]), 'Estimated eta_a_transcript---', array([ 0.31774256, -0.61139928,  0.03870205,  0.02488301, -0.38703144,
        0.14204009, -0.01051198]))
('True eta_u_transcript---', 0.08457325083673281, 'Estimated eta_u_transcript---', 0.1281497255728403)
('True eta_u_rating---', -0.4105486972078088, 'Estimated eta_u_rating---', 0.2623097277240756)
('True sigma_rating_sq---', 1.586508728724994, 'Estimated sigma_rating_sq---', 1.4446128906574556)
('True eta_a_view---', array([ 1.18352442,  0.31558831,  1.33236956,  0.99549806,  1.3145689 ,
        1.49088157, -2.0026767 ]), 'Estimated eta_a_view---', array([ 0.51233983, -0.36376893,  0.63356421,  0.34814758,  1.39036127,
        1.5759263 , -1.86757183]))
('True eta_a_rating---', array([-0.86867314,  0.5590885 , -0.46891614,  0.63249155, -0.78283812,
        1.45651776,  1.13449054]), 'Estimated eta_a_rating---', array([-0.67872166,  0.8867912 , -0.1988882 ,  0.98250474, -0.92456   ,
        1.18006814,  0.83972599]))
('True eta_transcript_rating---', 1.1834988464441554, 'Estimated eta_transcript_rating---', 1.1543509198791537)
('True eta_view_rating---', 0.810726936822896, 'Estimated eta_view_rating---', 0.8106911137597115)
('True transcript0---', -0.2102530941585968, 'Estimated transcript0---', -0.3588519247781686)
('True sigma_transcript_sq---', 6.523809326857556, 'Estimated sigma_transcript_sq---', 4.691475313070479)
('True eta_transcript_view---', -0.4506660958101906, 'Estimated eta_transcript_view---', -0.47690928471646876)
Inference for Stan model: anon_model_5750e9d966cd78b8a0d7a004b55eab06.
4 chains, each with iter=2000; warmup=1000; thin=1; 
post-warmup draws per chain=1000, total post-warmup draws=4000.

                        mean se_mean     sd   2.5%    25%    50%    75%  97.5%  n_eff   Rhat
u[1]                    0.04    0.36   0.78  -1.49  -0.54   0.05   0.63   1.42    5.0   1.43
u[2]                    0.03    0.08   0.71  -1.35  -0.44   0.06   0.53   1.36   73.0   1.03
u[3]                   -0.61    0.97   1.48  -2.58  -2.12  -0.81   0.67   1.98    2.0   3.56
u[4]                    0.18    0.25   0.87  -1.61   -0.4    0.2   0.78   1.79   12.0   1.11
u[5]                    0.14    0.22   0.79  -1.47  -0.39   0.18   0.68   1.63   13.0    1.1
u[6]                    0.04    0.26   0.63  -1.12  -0.43   0.06   0.52    1.2    6.0   1.32
u[7]                   -0.53     0.7   1.04  -1.78  -1.24  -0.93   0.08   1.63    2.0   3.22
u[8]                 -9.6e-3    0.24    0.9  -1.79  -0.63   0.02   0.63   1.65   14.0   1.12
u[9]                   -0.48    0.65   0.97  -1.66  -1.15  -0.84   0.13   1.54    2.0   3.07
u[10]                   0.34    0.45    0.7  -1.18  -0.09   0.56   0.84   1.26    2.0   2.34
u[11]                  -0.07    0.12   0.69  -1.48  -0.53  -0.06    0.4   1.26   31.0   1.05
u[12]                   0.14    0.38    1.0  -1.86  -0.54   0.17   0.87   1.99    7.0   1.23
u[13]                  -0.36    0.62   1.09  -2.24  -1.25  -0.39   0.49   1.63    3.0   1.74
u[14]                  -0.07    0.23    0.6  -1.35  -0.47  -0.04   0.34   1.02    7.0   1.22
u[15]                   0.57    0.83   1.26  -1.91  -0.34   0.87   1.63   2.23    2.0   2.98
u[16]                  -0.11    0.21    0.4  -0.81  -0.42  -0.11   0.19   0.62    4.0   1.58
u[17]                  -0.37    0.52    0.8  -1.46  -0.92  -0.62   0.09   1.42    2.0   2.42
u[18]                   0.26    0.39   0.69  -1.17  -0.22   0.33    0.8   1.41    3.0   1.67
u[19]                  -0.08    0.37   0.98  -2.05  -0.77  -0.04   0.62   1.78    7.0   1.21
u[20]                   0.06    0.26   0.45  -0.67  -0.29  -0.02   0.43   0.89    3.0   2.15
u[21]                  -0.52    0.72   1.09  -1.91  -1.26  -0.92 1.4e-3   1.83    2.0   2.81
u[22]                  -0.37    0.54   0.87  -1.68  -0.97  -0.58    0.1   1.54    3.0   2.01
u[23]                   0.19    0.29   0.47  -0.77  -0.12   0.25   0.55   0.93    3.0   2.15
u[24]                   0.24    0.34   0.55  -0.95  -0.09   0.39   0.64   1.03    3.0   1.99
u[25]                  -0.37    0.62   1.05  -2.17  -1.13  -0.44   0.31   1.81    3.0   1.91
u[26]                  -0.57    0.83   1.39  -2.82  -1.61  -0.79   0.37   2.35    3.0   1.84
u[27]                    0.8    1.11   1.58  -2.12  -0.34   1.52   1.91   2.22    2.0   8.49
u[28]                  -0.07    0.12    0.4  -0.85  -0.33  -0.07   0.19   0.76   11.0   1.13
u[29]                   0.92    1.27   1.81  -2.45  -0.33   1.72    2.2   2.52    2.0   8.91
u[30]                   -0.4    0.72   1.24  -2.61  -1.33  -0.44    0.4   2.15    3.0    1.8
u[31]                   0.05    0.09    0.8  -1.58  -0.48   0.07   0.59    1.6   75.0   1.03
u[32]                   0.07    0.35    0.8  -1.45  -0.52   0.09   0.68   1.53    5.0   1.36
u[33]                   -0.3    0.49   0.84  -1.76  -0.92  -0.37   0.27   1.48    3.0   1.76
u[34]                   0.34     0.5   0.92  -1.66  -0.23   0.46    1.0   1.88    3.0   1.55
u[35]                  -0.35    0.72   1.27  -2.71  -1.35  -0.25   0.58   2.06    3.0   1.84
u[36]                   0.31    0.49    0.9  -1.57   -0.3   0.39   0.97   1.84    3.0   1.59
u[37]                   0.17    0.56   0.92  -1.36  -0.57  -0.09   0.92   1.82    3.0   2.91
u[38]                   0.53    0.76    1.1   -1.6  -0.27   0.92   1.38    1.7    2.0   5.97
u[39]                   0.29    0.42   0.65  -1.09  -0.12   0.48   0.78   1.19    2.0    2.4
u[40]                  -0.08    0.28   0.89  -1.86  -0.67  -0.05   0.52    1.6   10.0   1.15
u[41]                   0.21    0.34   0.93  -1.72  -0.39   0.26   0.86   1.89    8.0   1.17
u[42]                   0.12    0.26   0.89  -1.59  -0.49   0.12   0.73   1.85   11.0   1.12
u[43]                   0.26    0.45   0.77  -1.17  -0.35   0.29    0.9   1.57    3.0   1.87
u[44]                  -0.41    0.57   1.11  -2.33  -1.18  -0.53   0.23   2.01    4.0   1.42
u[45]                   -0.6    0.84   1.23  -2.02  -1.55  -1.09   0.21   1.84    2.0   3.98
u[46]                   0.12    0.23   0.75  -1.37  -0.39   0.14   0.63   1.59   11.0   1.13
u[47]                   0.28    0.69   1.28  -2.02  -0.78   0.28   1.35   2.54    3.0    1.7
u[48]                   -0.2    0.39   0.86  -1.81  -0.83  -0.21    0.4   1.46    5.0   1.33
u[49]                   0.04    0.12   0.41  -0.79  -0.24   0.04   0.31   0.81   12.0   1.12
u[50]                  -0.31    0.41   0.64   -1.2  -0.75  -0.51   0.05   1.09    2.0   2.28
u[51]                  -0.15     0.5   0.84  -1.44  -0.99  -0.06   0.59   1.21    3.0   2.62
u[52]                  -0.09    0.13    0.3  -0.66   -0.3  -0.09   0.12   0.54    6.0   1.23
u[53]                   0.04    0.06   0.33  -0.64  -0.17   0.05   0.26   0.66   33.0   1.05
u[54]                  -0.12    0.19   0.41  -0.88  -0.41  -0.14   0.17   0.69    5.0   1.35
u[55]                   0.27     0.4   0.64  -1.05  -0.18   0.42   0.77   1.23    3.0   2.21
u[56]                   0.33    0.45   0.69   -1.1  -0.08   0.58   0.81   1.19    2.0    2.8
u[57]                  -0.36    0.56   1.03  -2.15  -1.08  -0.47   0.34   1.75    3.0   1.57
u[58]                  -0.08    0.21   0.53  -1.14  -0.46  -0.07    0.3    0.9    6.0   1.24
u[59]                   0.25    0.44   0.79  -1.23  -0.37   0.26   0.89   1.58    3.0   1.73
u[60]                   0.24    0.34   0.54  -0.94  -0.09   0.38   0.63   1.04    3.0    2.0
u[61]                   0.09    0.33   0.75  -1.31  -0.45   0.05   0.62   1.58    5.0   1.34
u[62]                   0.27    0.37    0.6  -1.03  -0.11   0.43    0.7   1.13    3.0   1.95
u[63]                   0.43     0.6   0.92  -1.44  -0.21   0.71   1.15   1.66    2.0   2.75
u[64]                   0.66    0.94   1.36  -1.96  -0.35   1.08   1.75   2.12    2.0    6.2
u[65]                   0.23    0.51   0.81  -1.26  -0.35 9.0e-3   0.97   1.58    2.0   3.25
u[66]                  -0.04    0.15   0.74  -1.46  -0.53  -0.04   0.47   1.39   23.0   1.07
u[67]                   0.18    0.31    0.5  -0.79  -0.18   0.17    0.6   1.01    3.0   2.41
u[68]                   0.05    0.51   1.06  -1.95  -0.76    0.1   0.87   1.93    4.0   1.48
u[69]                  -0.21    0.49   0.93  -2.04  -0.89  -0.15   0.46   1.53    4.0   1.61
u[70]                   0.57    0.78   1.15  -1.73  -0.16   1.04   1.41   1.87    2.0   3.71
u[71]                  -0.22    0.32   0.53  -1.05  -0.59  -0.33   0.09   0.96    3.0   1.85
u[72]                   0.13    0.28   0.47  -0.76  -0.22   0.06   0.54   0.97    3.0   2.09
u[73]                   -0.1    0.15   0.35  -0.76  -0.33  -0.11   0.13   0.65    5.0   1.28
u[74]                   0.24    0.46    0.9  -1.51  -0.39   0.22   0.88   1.91    4.0   1.46
u[75]                   0.44    0.86   1.33  -2.11  -0.48   0.14   1.65   2.53    2.0   3.75
u[76]                   0.27    0.44   0.69  -1.11  -0.21   0.31   0.86   1.31    2.0   2.87
u[77]                   0.36    0.49   0.77  -1.28  -0.13   0.61   0.91   1.41    2.0   2.34
u[78]                  -0.13    0.17   0.84  -1.77  -0.69  -0.13   0.41   1.53   26.0   1.05
u[79]                   0.41    0.59   0.94  -1.51  -0.25   0.59   1.16   1.81    3.0   2.27
u[80]                  -0.25    0.51   0.83  -1.51  -1.07  -0.22    0.5   1.08    3.0   2.66
u[81]                   0.16    0.27   0.59   -1.0  -0.27   0.17   0.62   1.23    5.0   1.34
u[82]                    0.2    0.32    0.5  -0.81  -0.15   0.28    0.6   0.98    2.0   2.41
u[83]                  -0.16     0.4   0.84   -1.8  -0.77  -0.13   0.42   1.46    4.0   1.42
u[84]                  -0.11    0.18   0.43  -0.91   -0.4  -0.13   0.17   0.77    6.0   1.22
u[85]                   0.33     0.5   0.94  -1.72  -0.23   0.46   1.01   1.93    4.0    1.5
u[86]                  -0.12    0.15   0.79  -1.64  -0.66  -0.13    0.4   1.44   28.0   1.05
u[87]                  -0.36    0.48   0.73  -1.32  -0.89   -0.6   0.11   1.15    2.0   2.74
u[88]                  -0.02     0.5   1.16  -2.22  -0.89   0.02   0.84   2.07    6.0   1.35
u[89]                  -0.19    0.29   0.88  -1.88  -0.79  -0.21   0.39   1.61    9.0   1.13
u[90]                  -0.37    0.61   1.08  -2.25   -1.2  -0.43   0.41   1.76    3.0   1.69
u[91]                  -0.09    0.29   0.63  -1.34  -0.53  -0.04   0.37   1.03    5.0    1.4
u[92]                  -0.58    0.82   1.22  -2.11  -1.57  -0.98   0.27   1.79    2.0    3.6
u[93]                  -0.47    0.77   1.37  -2.81  -1.47  -0.61    0.4   2.42    3.0   1.65
u[94]                   0.04    0.03    0.8   -1.5   -0.5   0.03   0.57   1.56  895.0   1.01
u[95]                  -0.54    0.75   1.12  -1.89  -1.46  -0.89   0.21   1.63    2.0   3.82
u[96]                   0.42    0.67    1.1  -1.66  -0.47    0.5   1.37   2.15    3.0   2.09
u[97]                  -0.44    0.62   1.14  -2.34  -1.26  -0.56   0.27   2.01    3.0   1.55
u[98]                  -0.24    0.36   0.92   -2.0  -0.86  -0.28   0.35   1.73    7.0   1.19
u[99]                  -0.23    0.42   1.04   -2.2  -0.95  -0.27   0.46   1.93    6.0   1.23
u[100]                  0.13    0.25   0.45  -0.72  -0.19   0.09   0.49   0.96    3.0   1.81
u[101]                  0.48    0.65   0.94   -1.4   0.02    0.9    1.1   1.45    2.0   4.29
u[102]                  0.06    0.18   0.38  -0.63  -0.21   0.04   0.34   0.79    4.0   1.44
u[103]                   0.2    0.34   0.54  -0.86  -0.19   0.19   0.67   1.08    3.0   2.51
u[104]                 -0.29    0.67   1.23  -2.62  -1.25  -0.16   0.58   1.96    3.0   1.69
u[105]                   0.3    0.43   0.97   -1.8  -0.31   0.36    1.0   1.99    5.0   1.27
u[106]                   0.6    0.84   1.26  -1.94   -0.3   0.95   1.64   2.26    2.0    3.0
u[107]                  0.36    0.55   0.82   -1.3  -0.19   0.48   1.06   1.47    2.0   3.68
u[108]                   0.3    0.48   0.71  -1.12   -0.2   0.42   0.91   1.25    2.0    3.8
u[109]                 -0.03    0.08   0.42  -0.87  -0.31  -0.03   0.25   0.76   29.0   1.06
u[110]                  0.35    0.72   1.31  -2.02  -0.75   0.37   1.44   2.61    3.0   1.73
u[111]                  0.12    0.16   0.83  -1.55  -0.43   0.15    0.7   1.67   26.0   1.06
u[112]                 -0.43    0.61   0.94  -1.73  -1.08  -0.71   0.11   1.64    2.0    2.3
u[113]                 -0.47    0.63   0.95  -1.66  -1.12  -0.81   0.09   1.54    2.0   2.87
u[114]                  0.26    0.36    0.6  -1.04  -0.12   0.39   0.69   1.16    3.0   1.83
u[115]                  0.22    0.29    0.5  -0.86  -0.09   0.33   0.57   0.98    3.0   1.79
u[116]                  0.08    0.22   0.89  -1.67  -0.52    0.1    0.7   1.73   16.0   1.09
u[117]                 -0.05    0.05   0.34  -0.74  -0.27  -0.05   0.17   0.64   42.0   1.04
u[118]                  0.02    0.29   0.95  -1.82  -0.64-2.5e-3   0.69   1.83   11.0   1.15
u[119]                 -0.23    0.69   1.19  -2.19  -1.33  -0.15   0.79   1.77    3.0   2.18
u[120]                 -0.06    0.18    0.4  -0.79  -0.36  -0.07   0.23   0.67    5.0   1.43
u[121]                  -0.3    0.68   1.23  -2.63  -1.22  -0.21   0.56   2.03    3.0   1.77
u[122]                  -0.3    0.39   0.63  -1.25  -0.73  -0.45   0.05    1.1    3.0   2.05
u[123]                  0.03  9.4e-3   0.34  -0.66  -0.21   0.03   0.27   0.69 1328.0   1.01
u[124]                 -0.37    0.53   1.09  -2.28  -1.11  -0.47   0.27   2.08    4.0   1.36
u[125]                  0.26    0.56   1.19  -1.92  -0.66   0.29   1.16   2.39    4.0   1.41
u[126]                  0.22    0.44   0.82  -1.24  -0.45   0.22   0.89   1.63    3.0   1.71
u[127]                  0.82    1.12   1.62  -2.34  -0.17   1.59    2.0   2.47    2.0   4.94
u[128]                  0.21    0.66   1.13  -1.66  -0.68  -0.03   1.13   2.27    3.0   2.31
u[129]                 -0.33     0.5   1.04  -2.28  -1.03   -0.4   0.34   1.87    4.0   1.35
u[130]                 -0.01    0.01   0.78  -1.54  -0.53  -0.01   0.52   1.49 4273.0    1.0
u[131]                 -0.68    0.91   1.34  -2.25  -1.61   -1.2   0.11   2.09    2.0   3.33
u[132]                  0.27     0.5   0.89  -1.37  -0.44   0.28   1.02   1.75    3.0   1.84
u[133]                 -0.65    0.92   1.39  -2.47  -1.65  -1.09   0.18   2.23    2.0   2.84
u[134]                 -0.09    0.14   0.39  -0.84  -0.35   -0.1   0.16   0.68    7.0   1.17
u[135]                   1.0    1.37   1.94  -2.59  -0.44   1.97   2.26   2.63    2.0   9.71
u[136]                 -0.04    0.06   0.27  -0.58  -0.22  -0.04   0.13   0.48   19.0   1.07
u[137]                  -0.2    0.33   0.63  -1.35  -0.64  -0.22   0.21   1.08    4.0    1.5
u[138]                 -0.87     1.2   1.76   -2.8  -2.27  -1.57   0.19   2.52    2.0   4.51
u[139]                 -0.24    0.35   0.84  -1.81  -0.85  -0.26   0.31   1.51    6.0   1.23
u[140]                 -0.03    0.04   0.35  -0.74  -0.26  -0.03    0.2   0.66   90.0   1.03
u[141]                 -0.15    0.22   0.45  -0.98  -0.45  -0.18   0.15   0.81    4.0    1.4
u[142]                 -0.12    0.47   0.99  -2.08  -0.82  -0.06    0.6   1.65    4.0   1.45
u[143]                  0.37    0.47   0.96  -1.74  -0.24    0.5   1.05   1.99    4.0   1.36
u[144]                  0.36    0.58   0.87  -1.33  -0.25   0.42   1.14   1.53    2.0   4.29
u[145]                 -0.21    0.33   0.83  -1.81  -0.79  -0.21   0.32   1.53    7.0   1.21
u[146]                 -0.32    0.48   0.76  -1.44  -0.95  -0.44   0.25   1.17    2.0   2.52
u[147]                  0.13    0.17    0.8  -1.45  -0.42   0.13    0.7   1.69   24.0   1.06
u[148]                  0.09    0.19   0.76  -1.37  -0.41   0.11   0.59   1.55   16.0   1.08
u[149]                 -0.41    0.61   1.11  -2.33  -1.21  -0.52    0.3    1.9    3.0   1.56
u[150]                 -0.07     0.1   0.74  -1.55  -0.57  -0.06   0.41   1.36   58.0   1.03
u[151]                  0.51    0.77   1.21  -1.87  -0.39   0.63   1.56   2.31    3.0   2.39
u[152]                   0.8    1.11   1.69  -2.79  -0.21    1.4   1.98   2.96    2.0   2.51
u[153]                  0.02    0.03   0.34  -0.64   -0.2   0.03   0.24   0.65  103.0   1.03
u[154]                  -0.2    0.33   0.56  -1.14  -0.66  -0.24   0.24   0.89    3.0   1.95
u[155]                 -0.54    0.75    1.1  -1.85  -1.47  -0.91   0.19   1.59    2.0   3.93
u[156]                 -0.09    0.15    0.8  -1.67  -0.62   -0.1   0.44   1.48   27.0   1.06
u[157]                 -0.54    0.76   1.18  -2.19  -1.35  -0.88   0.16   2.03    2.0   2.44
u[158]                 -0.03    0.06   0.29  -0.59  -0.23  -0.02   0.17   0.53   22.0   1.07
u[159]                 -0.56    0.77   1.16  -2.07  -1.35  -0.96   0.06   1.93    2.0   2.71
u[160]                  0.52    0.72   1.05  -1.52  -0.22   1.01   1.22   1.56    2.0   4.75
u[161]                 -0.23    0.61   1.08  -2.05   -1.2  -0.18   0.69   1.57    3.0   2.07
u[162]                 -0.25    0.38   0.93   -2.0   -0.9   -0.3   0.34   1.68    6.0   1.23
u[163]                  -0.4    0.59   0.95  -1.87   -1.1  -0.62   0.22   1.64    3.0   2.09
u[164]                 -0.38    0.54   0.83  -1.56  -0.95  -0.63   0.04   1.41    2.0   2.43
u[165]                 -0.43    0.71    1.1  -1.98  -1.54  -0.48   0.54   1.48    2.0    3.2
u[166]                  0.17    0.23   0.43  -0.78  -0.11   0.23   0.48    0.9    3.0   1.51
u[167]                  0.33    0.79    1.5  -2.39  -0.88   0.37   1.56   2.99    4.0   1.64
u[168]                  0.04    0.06   0.28  -0.51  -0.14   0.03   0.22   0.58   20.0   1.08
u[169]                 -0.05    0.16   0.34  -0.66  -0.31  -0.05   0.21    0.6    5.0   1.47
u[170]                 -0.16    0.27   0.45  -0.93  -0.55  -0.18   0.21   0.68    3.0   2.03
u[171]                  0.05    0.57   1.15  -2.16  -0.82   0.09   0.96   2.06    4.0   1.54
u[172]                  0.16    0.35   0.67   -1.1  -0.36   0.15    0.7   1.35    4.0   1.58
u[173]                  0.13    0.42   0.89  -1.58  -0.56   0.16   0.83   1.69    4.0   1.44
u[174]                   0.3    0.43   0.68  -1.14  -0.14   0.45   0.82   1.27    3.0   2.15
u[175]                  0.09    0.68   1.38  -2.51  -0.98   0.14   1.18   2.54    4.0   1.51
u[176]                 -0.07    0.12   0.71   -1.5  -0.54  -0.07    0.4   1.31   37.0   1.04
u[177]                7.4e-3    0.35   0.77   -1.5  -0.56   0.06    0.6   1.35    5.0   1.41
u[178]                  0.27    0.38    0.6  -1.06  -0.07   0.45   0.71   1.13    3.0   2.08
u[179]                  0.19     0.3   0.56  -0.95  -0.22   0.23   0.63   1.14    3.0   1.56
u[180]                 -0.26    0.41   0.94  -2.01  -0.89   -0.3   0.32   1.76    5.0   1.26
u[181]                 -0.08    0.41   0.85  -1.77  -0.68  -0.04   0.56   1.43    4.0   1.48
u[182]                 -0.17    0.52    1.0  -1.94  -0.99  -0.16   0.62   1.67    4.0    1.6
u[183]                 -0.94    1.26   1.85  -2.96  -2.18  -1.74   0.24    2.8    2.0   3.78
u[184]                 -0.19    0.37   0.72  -1.54  -0.69  -0.18   0.31   1.23    4.0   1.52
u[185]                  0.46    0.68   1.09  -1.83  -0.19   0.71   1.25   2.09    3.0   2.13
u[186]                 -0.84    1.11    1.6   -2.5  -1.91  -1.57   0.04   2.36    2.0   4.56
u[187]               -2.6e-3    0.01   0.79  -1.56  -0.54-9.5e-4   0.53   1.52 4418.0    1.0
u[188]                  0.01    0.16   0.71  -1.35  -0.46-3.5e-3   0.49   1.37   19.0   1.08
u[189]                 -0.32    0.44   0.74  -1.55  -0.83  -0.47   0.13   1.27    3.0   1.83
u[190]                  0.45     0.6   0.87  -1.34  -0.03   0.83   1.04   1.36    2.0   3.86
u[191]                 -0.06    0.09   0.31  -0.66  -0.27  -0.06   0.14   0.56   11.0   1.12
u[192]                  -0.4    0.62   0.95  -1.75  -1.25  -0.52   0.36   1.44    2.0   2.92
u[193]                 -0.02    0.23   0.78  -1.51  -0.56  -0.02   0.51   1.47   12.0   1.13
u[194]                 -0.38    0.52   0.82  -1.52  -0.95  -0.61   0.04   1.36    2.0   2.25
u[195]                 -0.32    0.63   1.09  -2.16  -1.25  -0.32   0.58   1.62    3.0   1.95
u[196]                  0.23    0.37   0.96  -1.73  -0.41   0.26    0.9    2.0    7.0   1.21
u[197]                  0.03    0.17   0.73  -1.42  -0.47   0.03   0.53   1.41   18.0   1.08
u[198]                  0.03    0.32   0.76  -1.36  -0.52 4.9e-3   0.58   1.53    6.0   1.32
u[199]                  -0.2    0.42   0.85  -1.88  -0.79  -0.16   0.38   1.39    4.0   1.44
u[200]                  0.12     0.3   0.52  -0.82  -0.27   0.03   0.55   1.08    3.0   2.11
u[201]                 -0.09    0.29   0.52  -0.94  -0.56  -0.06   0.35   0.81    3.0   2.07
u[202]                8.7e-3    0.09   0.44  -0.88  -0.29   0.01   0.32   0.83   23.0   1.08
u[203]                 -0.56    0.81   1.21  -2.08  -1.65  -0.86    0.3   1.71    2.0    3.7
u[204]                 -0.49    0.69   1.11  -2.18  -1.27  -0.74   0.18   1.89    3.0   2.08
u[205]                 -0.13     0.3   0.69   -1.5   -0.6  -0.11   0.35   1.14    5.0   1.28
u[206]                 -0.02    0.27   0.47   -0.8  -0.44  -0.02   0.34   0.83    3.0   2.16
u[207]                 -0.07    0.17   0.46  -0.99  -0.38  -0.06   0.23   0.84    8.0   1.19
u[208]                  0.16    0.38   1.02  -1.84  -0.54   0.19    0.9   2.03    7.0   1.22
u[209]                  0.39    0.54    0.8  -1.27  -0.09    0.7   0.98   1.37    2.0   3.08
u[210]                   0.6    0.97   1.45  -2.21  -0.45   0.66   1.91    2.5    2.0   4.95
u[211]                 -0.59    0.83   1.26   -2.3  -1.48  -0.99   0.14   2.06    2.0   2.67
u[212]                 -0.34    0.46   0.74  -1.46  -0.85  -0.52   0.08   1.26    3.0   2.06
u[213]                 -0.06     0.1   0.82  -1.71  -0.61  -0.04   0.48   1.54   72.0   1.03
u[214]                  0.31    0.41   0.66  -1.13  -0.11   0.49   0.79   1.26    3.0   2.04
u[215]                 -0.24     0.5   0.99  -2.06   -1.0  -0.24   0.53   1.56    4.0   1.51
u[216]                 -0.21    0.33   0.87  -1.88  -0.79  -0.24   0.32    1.6    7.0   1.18
u[217]               -5.4e-3  7.8e-3   0.33  -0.65  -0.22 4.4e-3   0.21   0.65 1761.0   1.01
u[218]                  0.03    0.17   0.35  -0.61  -0.24 8.9e-3   0.28   0.72    4.0   1.48
u[219]                 -0.64    0.85   1.25  -2.08  -1.48  -1.13   0.17   1.93    2.0   3.32
u[220]                  0.15    0.22   0.81  -1.49  -0.39   0.17   0.72   1.66   13.0   1.09
u[221]                 -0.43    0.62   0.93  -1.63  -1.24  -0.65   0.23   1.38    2.0   3.43
u[222]                 -0.33    0.69   1.21  -2.57  -1.28  -0.23   0.55   1.95    3.0   1.86
u[223]                  0.37    0.62   1.05  -1.65  -0.44   0.41   1.23   2.14    3.0   1.88
u[224]                 -0.35     0.5   1.06  -2.29  -1.09  -0.43   0.29   1.94    4.0   1.34
u[225]                 -0.21    0.48   0.79  -1.43  -1.01  -0.16   0.52    1.0    3.0   2.69
u[226]                 -0.23    0.34   0.57  -1.17  -0.66  -0.32   0.18   0.95    3.0   1.92
u[227]                  0.48    0.74   1.15  -1.75  -0.41   0.65    1.5   2.16    2.0   2.57
u[228]                 -0.31    0.44   0.69  -1.34  -0.79  -0.49   0.09   1.18    3.0   2.15
u[229]                   0.1    0.37   0.99  -1.81  -0.61   0.12   0.81   1.97    7.0   1.23
u[230]                  0.45    0.73   1.16   -1.9  -0.39   0.62   1.38   2.24    3.0   2.29
u[231]                 -0.13    0.55   1.05  -2.03  -0.99  -0.13    0.7   1.75    4.0    1.7
u[232]                 -0.27    0.41   0.97   -2.1  -0.92  -0.31   0.34   1.71    6.0   1.24
u[233]                  0.46    0.63   1.16  -2.08  -0.27   0.62   1.29   2.35    3.0   1.53
u[234]                 -0.77    1.03   1.51   -2.5   -1.8  -1.39   0.18   2.38    2.0   3.52
u[235]               -8.6e-3    0.01   0.69   -1.4  -0.46-5.3e-3   0.47   1.32 4103.0    1.0
u[236]                  0.19     0.3   0.48   -0.8  -0.13   0.28   0.57   0.92    2.0   2.39
u[237]                 -0.06    0.24   0.59  -1.29  -0.45  -0.04   0.36   1.03    6.0   1.29
u[238]                 -0.75    1.03    1.5   -2.4   -1.9  -1.39   0.08    2.2    2.0    4.4
u[239]                  0.21    0.52   0.84  -1.27  -0.44  -0.06   0.96   1.67    3.0   2.92
u[240]                  0.34    0.47   0.94  -1.69  -0.26   0.47   1.02   1.93    4.0   1.38
u[241]                 -0.06    0.09   0.28  -0.57  -0.25  -0.06   0.12   0.51   10.0   1.12
u[242]                  0.15    0.22   0.79  -1.48  -0.37   0.19   0.71   1.61   13.0    1.1
u[243]                1.5e-3    0.32   0.96  -1.85  -0.67   0.03    0.7    1.8    9.0   1.17
u[244]                 -0.24    0.35   0.63  -1.35  -0.67  -0.33   0.12   1.14    3.0   1.58
u[245]                  0.09    0.32   0.55  -0.82  -0.34  -0.04   0.56    1.1    3.0   2.37
u[246]                  0.33    0.46   0.69  -1.13  -0.08   0.58   0.82   1.19    2.0   2.71
u[247]                 -0.41    0.56   0.84  -1.48  -1.04  -0.69   0.14   1.32    2.0   2.92
u[248]                  -0.2    0.33    0.8   -1.7  -0.76  -0.22   0.36   1.36    6.0   1.27
u[249]                  0.17    0.71   1.42  -2.48  -0.95   0.18   1.33   2.64    4.0   1.54
u[250]                  0.26     0.4   0.61  -0.96  -0.15   0.36   0.76   1.16    2.0   2.91
u[251]                  0.72    0.99   1.41  -1.92   -0.3   1.41   1.64   1.98    2.0   7.49
u[252]                  0.53    0.74   1.13  -1.77  -0.26   0.83    1.4   2.09    2.0   2.63
u[253]                 -0.42    0.63   1.02  -2.02  -1.17  -0.62   0.21   1.72    3.0   2.13
u[254]                  0.09     0.4   0.67  -0.95  -0.47  -0.05   0.63   1.34    3.0   2.47
u[255]                  0.15    0.25   0.44  -0.74  -0.15   0.16   0.49   0.92    3.0   1.74
u[256]                 -0.22    0.38   0.97  -2.04   -0.9  -0.24   0.45   1.67    7.0   1.21
u[257]                  0.31     0.5   0.76  -1.16  -0.22   0.34   1.01    1.4    2.0   3.42
u[258]                 -0.16    0.24   0.84  -1.79  -0.73  -0.17   0.39   1.54   12.0    1.1
u[259]                  0.73    0.98   1.42  -2.04  -0.35    1.4   1.76   2.17    2.0   4.93
u[260]                  0.52    0.74   1.22  -2.08  -0.19    0.8    1.4   2.31    3.0    1.9
u[261]                 -0.14    0.31   0.65  -1.42  -0.59  -0.11    0.3   1.13    4.0   1.41
u[262]                  0.22    0.34   0.54  -0.87  -0.15   0.32   0.64   1.02    2.0   2.44
u[263]                  0.05     0.3   0.95   -1.8   -0.6   0.08   0.71    1.8   10.0   1.16
u[264]                  0.12     0.2   0.36  -0.63  -0.12   0.14   0.38   0.74    3.0   1.67
u[265]                  0.21    0.31   0.52  -0.89  -0.12    0.3    0.6   1.02    3.0   1.98
u[266]                5.2e-3    0.16   0.86   -1.7   -0.6   0.01   0.59   1.65   29.0   1.06
u[267]                  0.08    0.25   0.45  -0.66  -0.26 1.3e-3   0.45   0.92    3.0   1.96
u[268]                  0.33    0.73    1.4  -2.29  -0.73   0.37   1.45    2.8    4.0   1.58
u[269]                  0.39    0.57   0.83  -1.26  -0.22   0.67   1.02   1.34    2.0   4.56
u[270]                  0.04     0.5   0.95  -1.54  -0.72  -0.04   0.75   1.88    4.0   1.73
u[271]                  0.15    0.21   0.44  -0.78  -0.14   0.19   0.47   0.91    4.0   1.36
u[272]                  0.13    0.38   0.79   -1.4  -0.44   0.11    0.7   1.59    4.0   1.42
u[273]                  0.18    0.36   0.66  -1.06  -0.34   0.21   0.71   1.33    3.0   1.63
u[274]                  0.21    0.37   0.66  -1.06  -0.31   0.23   0.75   1.33    3.0   1.74
u[275]                  0.02    0.37   0.81  -1.57  -0.57   0.06   0.63   1.49    5.0   1.43
u[276]                 -0.63     0.9   1.41  -2.74  -1.67  -0.96   0.24   2.42    2.0   2.36
u[277]                 -0.01    0.09    0.7   -1.4  -0.47  -0.02   0.46   1.38   64.0   1.04
u[278]                 -0.41    0.58   0.93  -1.87  -1.07  -0.61   0.16   1.54    3.0   2.09
u[279]                  0.59    0.79   1.14  -1.67  -0.14   1.11   1.35   1.73    2.0   4.69
u[280]                   0.1    0.22    0.4  -0.62   -0.2   0.06   0.42   0.85    3.0   1.77
u[281]                  0.42    0.59    0.9  -1.49  -0.18   0.71   1.09   1.58    2.0   2.55
u[282]                  1.08    1.45   2.07  -2.79  -0.41   2.18   2.43   2.78    2.0    8.3
u[283]                 -0.26    0.38   0.89  -1.93  -0.87  -0.29   0.33   1.61    6.0   1.26
u[284]                 -0.15    0.28   0.87  -1.78  -0.74  -0.17   0.42    1.6    9.0   1.14
u[285]                  0.02     0.3   0.73  -1.42  -0.51   0.05   0.57   1.33    6.0   1.29
u[286]                 -0.17    0.23   0.45  -0.97  -0.48  -0.21   0.11   0.81    4.0   1.44
u[287]                 -0.01    0.07   0.37  -0.78  -0.26-9.9e-3   0.24    0.7   26.0   1.06
u[288]                 -0.02    0.21    0.5  -0.99  -0.37-2.0e-3   0.37   0.89    6.0   1.31
u[289]                 -0.12    0.18   0.76  -1.64  -0.62  -0.13   0.39   1.39   17.0   1.08
u[290]                  1.15    1.59   2.31  -3.33  -0.41    2.1    3.0   3.65    2.0   4.72
u[291]                 -0.23    0.47   0.76   -1.4  -0.99   -0.2   0.45   0.99    3.0   2.62
u[292]                 -0.17    0.42    0.7  -1.27  -0.86  -0.11   0.46   0.95    3.0   2.51
u[293]                  1.35    1.82   2.59  -3.44   -0.5   2.74   3.05   3.42    2.0   8.82
u[294]                 -0.09    0.13   0.76  -1.63   -0.6  -0.08   0.41   1.43   35.0   1.05
u[295]                  0.26    0.39   0.59  -0.94  -0.14   0.37   0.74   1.09    2.0   3.13
u[296]                  0.66    1.06   1.59  -2.45  -0.39   0.77   2.07   2.89    2.0   3.65
u[297]                  0.36    0.51   0.77  -1.24  -0.13   0.63   0.91   1.32    2.0    2.8
u[298]                 -0.25    0.35   0.61  -1.25  -0.67  -0.35   0.09    1.1    3.0   1.66
u[299]                 -0.23    0.31   0.51  -1.03  -0.58  -0.35   0.08   0.85    3.0   1.86
u[300]                   0.2    0.55    0.9  -1.33  -0.51  -0.09   0.99   1.78    3.0   2.91
u[301]                 -0.58    0.83   1.27   -2.4  -1.51  -0.91    0.2   2.06    2.0   2.56
u[302]                  0.19    0.26   0.45  -0.81  -0.08   0.27    0.5   0.89    3.0   1.69
u[303]                 -0.12    0.35   0.76  -1.65  -0.65  -0.07   0.42   1.24    5.0   1.42
u[304]                  0.31    0.47   0.73  -1.19  -0.22   0.48   0.91   1.36    2.0   2.36
u[305]                 -0.11    0.27    0.6  -1.33  -0.52  -0.09   0.32   1.01    5.0   1.35
u[306]                 -0.38    0.51   0.79  -1.52  -0.92   -0.6   0.08   1.36    2.0   2.23
u[307]                 -0.06    0.37   0.84  -1.76  -0.64  -0.02   0.56   1.44    5.0   1.35
u[308]                  0.03     0.1   0.38   -0.7  -0.23   0.02   0.29   0.77   15.0   1.11
u[309]                  0.54    0.85   1.27  -1.91  -0.33   0.61    1.7   2.19    2.0   4.74
u[310]                  0.31    0.49   0.94  -1.68   -0.3   0.43   0.98   1.93    4.0    1.5
u[311]                 -0.07    0.11   0.32  -0.69  -0.28  -0.07   0.14   0.55    8.0   1.16
u[312]                 -0.14     0.2   0.81   -1.7  -0.69  -0.15   0.41   1.53   16.0   1.09
u[313]                 -0.14    0.35   0.71  -1.55  -0.64   -0.1   0.36   1.15    4.0   1.48
u[314]                 -0.58    0.78   1.15  -1.94  -1.43  -1.04   0.13   1.73    2.0   3.68
u[315]                  0.28    0.62   0.97  -1.44  -0.44  -0.02   1.17   1.91    2.0   3.23
u[316]                  0.26    0.36   0.56  -0.91  -0.11   0.44   0.65   1.01    2.0   2.51
u[317]                 -0.08    0.14   0.46   -1.0  -0.39  -0.07   0.22   0.81   11.0   1.11
u[318]                  0.14    0.21   0.41   -0.7  -0.13   0.17   0.44   0.85    4.0   1.49
u[319]                  0.02  7.8e-3    0.3  -0.58  -0.18   0.02   0.21    0.6 1428.0   1.01
u[320]                  0.11     0.2    0.4   -0.7  -0.17   0.13   0.41   0.83    4.0   1.47
u[321]                 -0.51    0.75   1.16  -2.14  -1.34  -0.82   0.13    2.0    2.0   2.45
u[322]                 -0.25    0.56   1.05  -2.34   -1.0  -0.16   0.49   1.73    3.0   1.63
u[323]                  0.13    0.32   0.55  -0.86  -0.27   0.03   0.59   1.14    3.0   2.21
u[324]                  0.05    0.23   0.42  -0.64  -0.28-9.7e-3   0.38   0.86    3.0   1.91
u[325]                 -0.03    0.21   0.55  -1.16   -0.4-3.5e-3   0.36   0.97    7.0   1.24
u[326]                  0.35    0.47    0.7  -1.14  -0.04   0.61   0.82    1.2    2.0   2.93
u[327]                  -0.3    0.66   1.06   -1.9  -1.41  -0.27   0.68   1.33    3.0   2.86
u[328]                 -0.36    0.51   0.83  -1.64  -0.94  -0.54   0.13   1.45    3.0   1.93
u[329]               -5.7e-3     0.3   0.52  -0.83  -0.45  -0.02   0.38   0.97    3.0   2.22
u[330]                  0.32    0.44   0.71   -1.2  -0.16    0.5   0.86   1.34    3.0   2.04
u[331]                  0.03    0.15   0.36  -0.63  -0.23   0.01   0.29   0.74    6.0   1.32
u[332]                  0.48    0.77    1.2  -1.92  -0.37   0.62   1.46   2.29    2.0   2.68
u[333]                 -0.06    0.49   1.16  -2.36  -0.88 4.9e-4   0.78   2.09    6.0   1.32
u[334]                 -0.77    1.05   1.53  -2.38  -1.91  -1.45   0.19   2.23    2.0   4.55
u[335]                  -0.8    1.09   1.58  -2.48  -1.86  -1.49   0.17   2.42    2.0   4.08
u[336]                  0.21    0.35   0.62  -0.99  -0.26   0.27   0.71   1.26    3.0   1.74
u[337]                  0.68    0.93   1.33  -1.94   -0.2   1.31   1.57   1.98    2.0   5.22
u[338]                 -0.15    0.35   0.72  -1.57  -0.66  -0.12   0.36   1.19    4.0   1.45
u[339]                 -0.08    0.23   0.43  -0.83  -0.44  -0.06   0.26   0.66    3.0   1.77
u[340]                  0.22    0.38   0.96  -1.67  -0.43   0.23   0.91   2.04    6.0   1.21
u[341]                 -0.05     0.1   0.28  -0.58  -0.24  -0.05   0.14    0.5    8.0   1.17
u[342]                 -0.15    0.23   0.46  -0.96  -0.48  -0.19   0.16    0.8    4.0   1.43
u[343]                 -0.07    0.23   0.42  -0.82  -0.43  -0.05   0.27   0.68    3.0   1.76
u[344]                  -0.7    0.95   1.39  -2.21  -1.71  -1.29   0.22   2.06    2.0   4.11
u[345]                  0.07    0.48   0.92  -1.49  -0.65  -0.04   0.78   1.82    4.0   1.72
u[346]                  1.17    1.56   2.23  -3.03  -0.35   2.36    2.7    3.1    2.0   6.94
u[347]                   0.1    0.18   0.37  -0.66  -0.15    0.1   0.36    0.8    5.0   1.38
u[348]                  0.12    0.61   1.22  -2.16  -0.83   0.14    1.1   2.25    4.0   1.59
u[349]                 -0.21    0.32   0.64  -1.45  -0.64  -0.24   0.22    1.1    4.0    1.4
u[350]                 -0.15    0.23   0.79   -1.7  -0.68  -0.15   0.39    1.4   11.0   1.11
u[351]                 -0.08    0.18   0.37  -0.77  -0.36  -0.07    0.2   0.59    4.0    1.5
u[352]                  0.32    0.74   1.42  -2.27  -0.78   0.31   1.45   2.85    4.0   1.59
u[353]                 -0.09    0.46   1.11  -2.27   -0.9  -0.05   0.71   2.02    6.0   1.29
u[354]                  0.14    0.55    0.9  -1.35   -0.6  -0.09   0.87   1.77    3.0   2.85
u[355]                 -0.31    0.48   0.75  -1.39  -0.98   -0.4   0.27   1.09    2.0   2.72
u[356]                 -0.11    0.22   0.41  -0.84  -0.44   -0.1   0.23   0.61    3.0   1.72
u[357]                  0.54    0.89   1.43  -2.17  -0.62   0.62   1.81   2.72    3.0    2.3
u[358]                  0.06     0.2   0.75  -1.36  -0.45   0.05   0.55   1.58   14.0   1.11
u[359]                 -0.12    0.54   1.19  -2.41  -0.99  -0.05   0.75   2.06    5.0   1.37
u[360]                  0.29    0.46    0.7  -1.08  -0.15    0.4   0.89   1.24    2.0   3.66
u[361]                 -0.27    0.47   0.75  -1.38  -0.98  -0.28   0.39   1.03    3.0   2.69
u[362]                  0.34    0.51   0.77  -1.23  -0.16   0.46   0.98    1.4    2.0   3.39
u[363]                 -0.38    0.59   1.08  -2.25  -1.18  -0.45   0.37   1.86    3.0   1.59
u[364]                 -0.02    0.24   0.65  -1.37  -0.46 4.6e-3   0.44   1.15    7.0   1.24
u[365]                 -0.86    1.17   1.72  -2.84  -2.02  -1.56   0.27   2.66    2.0   3.69
u[366]                 -0.38    0.62   0.96  -1.75  -1.33  -0.43   0.45   1.31    2.0   3.09
u[367]                 -0.54    0.76   1.14  -2.03  -1.32  -0.93   0.15   1.86    2.0   2.81
u[368]                   0.2    0.39   0.71   -1.1  -0.35   0.21   0.77   1.44    3.0    1.7
u[369]                  0.14    0.21    0.4  -0.74  -0.12    0.2   0.43   0.79    4.0   1.43
u[370]                  0.39    0.64   1.22  -2.03  -0.46   0.43   1.29   2.53    4.0   1.52
u[371]                   0.2    0.34   0.65  -1.08  -0.29   0.25   0.71   1.32    4.0   1.49
u[372]                  0.53    0.72   1.04  -1.51 5.1e-3   0.97   1.24   1.64    2.0   4.66
u[373]                 -0.13     0.2   0.42  -0.92  -0.43  -0.14   0.14   0.75    5.0   1.34
u[374]                 -0.07    0.32   0.76  -1.57  -0.61  -0.04   0.47    1.3    6.0   1.31
u[375]                 -0.37     0.6   1.01  -2.06   -1.1   -0.5   0.27   1.74    3.0   1.81
u[376]                  0.33    0.59    1.0  -1.49   -0.5   0.35    1.2   1.98    3.0    2.0
u[377]                  -0.3    0.62    1.1   -2.2  -1.23  -0.28   0.62   1.62    3.0   1.81
u[378]                 -0.08    0.51   0.86  -1.37  -0.92-1.9e-3   0.62   1.42    3.0   2.57
u[379]                 -0.03     0.3   0.74   -1.4  -0.56  -0.06   0.51   1.39    6.0   1.28
u[380]                 -0.12    0.17   0.37  -0.79  -0.36  -0.14   0.11   0.68    5.0   1.29
u[381]                 -0.03     0.3   0.71  -1.43  -0.54  -0.02    0.5   1.24    5.0   1.34
u[382]                8.8e-3    0.39   1.06  -2.07  -0.76   0.02   0.77    2.0    7.0   1.23
u[383]                 -0.44    0.63    1.0  -2.02  -1.19  -0.64   0.19   1.65    3.0   2.18
u[384]                 -0.61    0.88   1.37   -2.6  -1.59  -0.97   0.24   2.27    2.0   2.44
u[385]                  0.52    0.74   1.28  -2.12   -0.4   0.72   1.47   2.59    3.0   1.68
u[386]                   0.3    0.44   0.65   -1.0  -0.11   0.55   0.76   1.08    2.0    3.4
u[387]                 -0.03    0.01   0.77  -1.52  -0.55  -0.01   0.49   1.45 4246.0    1.0
u[388]                 -0.07    0.11   0.81  -1.69   -0.6  -0.07   0.48   1.51   55.0   1.04
u[389]                 -0.03    0.25   0.46  -0.81  -0.43  -0.02   0.34   0.82    3.0   1.89
u[390]                 -0.03    0.25   0.89  -1.77  -0.62  -0.04   0.58   1.68   13.0   1.12
u[391]                  0.34    0.55   0.91   -1.4  -0.38   0.43   1.09   1.76    3.0   2.13
u[392]                  0.23    0.34    0.6  -1.01  -0.22    0.3   0.69   1.23    3.0   1.71
u[393]                  0.31    0.54   0.96  -1.51  -0.42   0.34   1.11   1.92    3.0   1.81
u[394]                 -0.29    0.46   0.75  -1.49  -0.84  -0.42   0.17   1.32    3.0   1.96
u[395]                 -0.48    0.64   0.96  -1.67  -1.17  -0.83   0.16   1.51    2.0   3.15
u[396]                  0.13    0.21   0.42  -0.76  -0.14   0.18   0.44   0.88    4.0   1.37
u[397]                  0.03     0.1   0.27  -0.47  -0.16   0.01   0.21   0.55    7.0   1.24
u[398]                 -0.53    0.76   1.23  -2.53  -1.41  -0.76   0.26   2.11    3.0   2.06
u[399]                  0.33    0.49   0.78  -1.24  -0.23    0.5   0.96   1.48    2.0   2.35
u[400]                 -0.47    0.65   0.99  -1.77  -1.14  -0.79   0.05   1.68    2.0    2.6
u[401]                 -0.28    0.41   0.66  -1.29   -0.8  -0.38   0.19    1.1    3.0   2.09
u[402]                  0.19    0.36   0.85  -1.46   -0.4   0.19   0.79   1.78    6.0   1.27
u[403]                 -0.32    0.44   0.68  -1.24  -0.79  -0.53   0.08   1.14    2.0   2.37
u[404]                 -0.29     0.4   0.62  -1.21  -0.73  -0.46   0.09   1.05    2.0   2.28
u[405]                  0.08    0.45   0.76  -1.08  -0.55  -0.05   0.68   1.48    3.0   2.58
u[406]                 -0.37     0.7   1.12  -2.01  -1.53  -0.39   0.65   1.39    3.0   3.05
u[407]                 -0.03    0.28   0.95  -1.88  -0.69  -0.02   0.62   1.78   11.0   1.14
u[408]                 -0.06    0.15   0.83  -1.68  -0.62  -0.06    0.5   1.53   30.0   1.06
u[409]                  0.34    0.46    0.7   -1.1  -0.07   0.61   0.83   1.19    2.0    2.9
u[410]                   0.4    0.62   1.16  -1.98  -0.39    0.5   1.24   2.41    4.0   1.51
u[411]                  0.58    0.79   1.14  -1.62  -0.29   1.04    1.4   1.72    2.0   6.15
u[412]                  0.08    0.34   0.98  -1.87  -0.61   0.09   0.78   1.92    8.0   1.18
u[413]                  -0.2    0.36   0.96  -2.05  -0.83  -0.23    0.4   1.75    7.0    1.2
u[414]                  0.04    0.22   0.74   -1.4  -0.49   0.03   0.56   1.48   11.0   1.15
u[415]                 -0.58    0.85   1.26  -2.16  -1.75  -0.88   0.31   1.77    2.0   3.85
u[416]                 -0.12    0.25   0.55  -1.16  -0.51  -0.11   0.24   0.96    5.0   1.33
u[417]                 -0.15    0.23   0.42  -0.86  -0.46  -0.18   0.14   0.75    3.0   1.64
u[418]                  0.45     0.6   0.88  -1.29  -0.13   0.84   1.03   1.35    2.0    4.5
u[419]                  0.22    0.53   0.85  -1.26  -0.42  -0.05   0.98   1.71    3.0   2.98
u[420]                  -0.6    0.81    1.2  -1.95  -1.42   -1.1  -0.03   1.84    2.0   3.51
u[421]                  0.26    0.37   0.58  -0.99  -0.08   0.44   0.67   1.05    2.0   2.21
u[422]                  0.74    1.09   1.68   -2.6  -0.53   1.06   2.18   3.11    2.0   2.65
u[423]                  0.07    0.16   0.85  -1.62   -0.5   0.07   0.65   1.71   28.0   1.05
u[424]                  -0.5    0.73   1.23  -2.48  -1.44  -0.67   0.32   2.12    3.0   1.84
u[425]                  -0.3    0.47   0.75  -1.45  -0.95  -0.38   0.28   1.13    3.0   2.54
u[426]                   0.2     0.4   1.01  -1.78   -0.5   0.22   0.92   2.05    6.0   1.24
u[427]                   0.4     0.6   1.19  -1.98  -0.43   0.44   1.28    2.5    4.0   1.44
u[428]                 -0.08     0.2   0.39  -0.81  -0.38  -0.07   0.22   0.61    4.0   1.58
u[429]                  0.17    0.31   0.52  -0.82   -0.2   0.14    0.6   1.06    3.0   2.21
u[430]                 -0.46    0.67   1.06  -2.08  -1.25  -0.67   0.22   1.73    3.0   2.26
u[431]                 -0.31    0.43   0.69  -1.29  -0.78  -0.49   0.08    1.2    3.0   2.08
u[432]                 -0.18    0.25   0.45  -0.93  -0.49  -0.24   0.07   0.79    3.0   1.58
u[433]                 -0.12     0.2   0.81  -1.71  -0.66  -0.13   0.43   1.48   17.0   1.07
u[434]                 -0.19    0.28   0.83  -1.83  -0.75   -0.2   0.37   1.47    9.0   1.14
u[435]                 -0.23    0.39   0.95  -2.02  -0.88  -0.27   0.36   1.77    6.0   1.22
u[436]                  0.27     0.5   0.86  -1.31  -0.41   0.27   1.01   1.71    3.0   1.89
u[437]                  0.27    0.39   0.63  -1.04  -0.18   0.39   0.77    1.2    3.0   2.06
u[438]                  0.06    0.45   1.11  -2.09  -0.75    0.1   0.84   2.13    6.0   1.28
u[439]                  0.29    0.43   0.64  -1.01  -0.05    0.5   0.76    1.1    2.0   3.33
u[440]                  0.03    0.17   0.47  -0.88  -0.29   0.03   0.36    0.9    7.0   1.21
u[441]                 -0.16    0.66   1.33   -2.8  -1.13  -0.03   0.82    2.1    4.0   1.52
u[442]                  0.24    0.38   0.94  -1.67  -0.41   0.29   0.91   2.01    6.0   1.23
u[443]                  0.04    0.02   0.77  -1.53  -0.46   0.05   0.55   1.54 1806.0   1.01
u[444]                 -0.29     0.7   1.15   -2.0  -1.48  -0.23   0.78   1.47    3.0   2.82
u[445]                  0.26    0.35   0.55  -0.94  -0.07   0.43   0.65   1.01    2.0   2.26
u[446]                 -0.15    0.35   0.83  -1.72  -0.76  -0.16   0.47   1.42    6.0    1.3
u[447]                 -0.07    0.25   0.86  -1.79  -0.64  -0.07   0.52   1.59   12.0   1.12
u[448]                 -0.75    1.06   1.58  -2.77  -1.87  -1.31   0.19    2.5    2.0    3.1
u[449]                 -0.08    0.29   0.52  -0.97  -0.54  -0.06   0.36   0.82    3.0   1.96
u[450]                 -0.05    0.33   0.98  -2.02  -0.75-8.5e-3   0.65   1.77    9.0   1.18
u[451]                  0.03    0.01   0.71  -1.36  -0.46   0.05   0.52   1.37 3492.0    1.0
u[452]                 -0.36    0.52   0.79  -1.43  -1.05  -0.54   0.23   1.16    2.0   3.08
u[453]                  0.51     0.7   1.19  -2.11  -0.22   0.76   1.37   2.32    3.0   1.75
u[454]                  0.06    0.02   0.74  -1.38  -0.45   0.07   0.57   1.51 2391.0   1.01
u[455]                 -0.22     0.4    1.0  -2.14  -0.89  -0.24   0.43   1.79    6.0   1.22
u[456]                  0.03    0.26   0.47  -0.74  -0.36  -0.01   0.41   0.91    3.0   1.96
u[457]                 -0.16     0.2   0.83  -1.78  -0.73  -0.17    0.4   1.44   18.0   1.07
u[458]                 -0.02    0.34    0.6  -0.96  -0.56  -0.02   0.47   1.07    3.0   2.21
u[459]                  0.91    1.27   1.82   -2.5  -0.38   1.66   2.28   2.57    2.0   8.62
u[460]                  0.79    1.11   1.58  -2.18  -0.34   1.47   1.94   2.25    2.0   8.07
u[461]                  0.16    0.41   0.67  -0.97  -0.36  -0.04   0.75   1.34    3.0   2.67
u[462]                 -0.51    0.71   1.05  -1.76  -1.25   -0.9   0.21   1.65    2.0   3.28
u[463]                 -0.04    0.57   1.11  -2.21  -0.88   0.04   0.86   1.82    4.0   1.63
u[464]                 -0.15    0.43   0.73  -1.29  -0.85   -0.1   0.49   1.03    3.0   2.37
u[465]                 -0.59    0.84   1.24  -2.08  -1.66   -1.0   0.24   1.81    2.0   3.91
u[466]                 -0.35    0.49   1.01  -2.13  -1.03  -0.44   0.29   1.81    4.0   1.37
u[467]                  0.45    0.69   1.03  -1.58  -0.18   0.57   1.37   1.77    2.0   4.45
u[468]                 -0.09    0.24   0.78  -1.59  -0.63  -0.11   0.44   1.46   11.0   1.13
u[469]                  0.26    0.36   0.57  -0.91   -0.1    0.4   0.68   1.12    2.0   2.32
u[470]                 -0.66    0.91   1.37  -2.44  -1.58  -1.13   0.13   2.25    2.0   2.73
u[471]                 -0.26    0.52   0.83  -1.52  -1.11  -0.26   0.49   1.05    3.0   2.82
u[472]                 -0.57    0.75   1.11  -1.82  -1.32  -1.03   0.09   1.68    2.0   3.59
u[473]                 -0.47    0.67   1.03  -1.95   -1.2  -0.77   0.15   1.71    2.0   2.57
u[474]                 -0.13    0.32   0.55  -1.06  -0.62   -0.1   0.34   0.82    3.0   2.01
u[475]                  0.25    0.39   0.85  -1.56   -0.3   0.34   0.86   1.78    5.0   1.31
u[476]                  0.07    0.55   1.21  -2.21  -0.79   0.08   0.97   2.29    5.0   1.41
u[477]                 -0.27    0.37   0.59  -1.12  -0.68  -0.44   0.07   1.02    3.0   2.11
u[478]                   0.1    0.34    0.8  -1.36  -0.49   0.07   0.69   1.63    5.0   1.34
u[479]                  -0.1    0.48   1.13  -2.26  -0.92  -0.05    0.7   2.02    6.0   1.32
u[480]                 -0.37    0.51   0.77  -1.39  -0.98  -0.59   0.13   1.16    2.0   3.06
u[481]                 -0.41    0.71   1.21  -2.43  -1.43  -0.48   0.54   1.93    3.0   1.95
u[482]                  0.03    0.01    0.7  -1.39  -0.43   0.03   0.49   1.42 4143.0    1.0
u[483]                  0.18    0.35   0.69  -1.09  -0.34   0.19   0.72    1.4    4.0   1.54
u[484]                  0.19    0.27   0.47   -0.8  -0.13   0.27   0.54   0.92    3.0   1.74
u[485]                  0.12    0.12   0.81   -1.5  -0.42   0.15   0.67   1.66   43.0   1.04
u[486]                 -0.41    0.61   0.98  -1.91  -1.11  -0.63    0.2   1.66    3.0   2.11
u[487]                 -0.52    0.74    1.1  -1.89   -1.5  -0.82   0.25   1.57    2.0   3.81
u[488]                  0.57    0.85    1.3  -2.02  -0.41   0.84   1.67    2.4    2.0   2.68
u[489]                  -0.1    0.28    0.5  -0.95  -0.54  -0.07   0.32   0.76    3.0   1.96
u[490]                 -0.65    0.95   1.49  -2.84  -1.74  -1.04   0.36   2.44    2.0    2.4
u[491]                 -0.11    0.23   0.52  -1.17  -0.47  -0.09   0.24   0.87    5.0   1.29
u[492]                  0.71    0.97   1.42  -2.13  -0.27    1.3   1.77   2.31    2.0   3.71
u[493]                 -0.33    0.51   0.87  -1.82  -0.96  -0.41   0.23    1.5    3.0   1.81
u[494]                 -0.55    0.77   1.16  -2.07  -1.35  -0.94   0.04   1.92    2.0    2.8
u[495]                  0.31    0.47   1.01  -1.82  -0.34    0.4   1.01    2.1    5.0   1.32
u[496]                 -0.27    0.41   0.63   -1.2  -0.83  -0.36   0.22   0.93    2.0   2.65
u[497]                  0.18    0.63   1.03  -1.59  -0.67   -0.1   1.03   2.04    3.0   2.86
u[498]                  0.05    0.04   0.35  -0.66  -0.18   0.05    0.3    0.7   70.0   1.03
u[499]                 -0.01    0.05    0.3  -0.61  -0.21  -0.02   0.19   0.57   45.0   1.05
u[500]                 -0.06    0.07   0.33  -0.73  -0.28  -0.05   0.16   0.61   24.0   1.06
u[501]                  0.14    0.23   0.82  -1.54  -0.38   0.15   0.71   1.68   13.0    1.1
u[502]                  0.23    0.35   0.59  -1.03  -0.16   0.32   0.69   1.17    3.0   1.76
u[503]                  0.69    0.97   1.46  -2.44  -0.06    1.2    1.7   2.52    2.0   2.74
u[504]                 -0.21    0.33   0.92  -1.92  -0.82  -0.23   0.38   1.72    8.0   1.16
u[505]                  0.26    0.35   0.55  -0.93  -0.06   0.43   0.65   1.01    2.0   2.19
u[506]                  -0.5    0.71    1.1  -2.06  -1.27  -0.82   0.17   1.84    2.0   2.46
u[507]                  0.14    0.29   0.47  -0.76   -0.2   0.08   0.54   0.97    3.0   2.36
u[508]                  0.07    0.12   0.44  -0.82  -0.24   0.07   0.38    0.9   13.0   1.11
u[509]                  -0.1    0.34    1.0  -2.13  -0.79  -0.06   0.59   1.77    8.0   1.19
u[510]                 -0.59    0.81   1.19  -1.98  -1.46  -1.06    0.1   1.83    2.0   3.58
u[511]                  0.22    0.47   0.76  -1.19  -0.32   0.04   0.91   1.49    3.0   2.92
u[512]                  0.23    0.32   0.51   -0.9  -0.08   0.36    0.6   0.95    3.0   2.04
u[513]                  -0.3    0.42   0.66  -1.25  -0.81  -0.44   0.17   1.05    2.0   2.39
u[514]                 -0.06    0.17   0.47  -0.99  -0.38  -0.05   0.26   0.84    7.0   1.21
u[515]                  0.01    0.22    0.9  -1.76   -0.6   0.04   0.63   1.77   17.0   1.09
u[516]                   0.3    0.44   0.74  -1.23  -0.22   0.37    0.9   1.46    3.0   1.86
u[517]                   0.1    0.46   0.93  -1.57  -0.61   0.09   0.81   1.78    4.0   1.54
u[518]                  0.69    0.94   1.34  -1.85  -0.03   1.34   1.56   1.91    2.0   6.53
u[519]                 -0.12    0.22   0.77  -1.63  -0.63  -0.13    0.4   1.42   12.0   1.11
u[520]                  0.81    1.16   1.72   -2.6  -0.16   1.33   2.15   2.88    2.0   3.86
u[521]                  0.15    0.21   0.79  -1.43  -0.39   0.17    0.7   1.63   14.0   1.09
u[522]                2.5e-4    0.34    1.0  -1.93  -0.69 3.8e-3   0.71   1.94    9.0   1.18
u[523]                 -0.19    0.28   0.47  -0.94  -0.56  -0.25   0.15   0.76    3.0   1.94
u[524]                 -0.03     0.1   0.82  -1.73  -0.55-6.4e-3   0.52   1.53   62.0   1.03
u[525]                  0.16    0.24   0.41  -0.73  -0.09   0.24   0.45   0.81    3.0   1.71
u[526]                 -0.23    0.38   0.95  -2.01   -0.9  -0.26   0.38   1.74    6.0    1.2
u[527]                 -0.05    0.36   0.78  -1.59  -0.62 8.5e-3   0.54   1.32    5.0   1.43
u[528]                  0.22    0.32   0.51  -0.89  -0.07   0.36   0.58   0.97    3.0   2.05
u[529]                 -0.44    0.67   1.18  -2.42  -1.36  -0.56   0.45    1.9    3.0   1.75
u[530]                  0.09    0.42   0.91  -1.64  -0.59   0.11   0.78   1.73    5.0   1.41
u[531]                 -0.02    0.12   0.31  -0.62  -0.25  -0.03    0.2   0.57    7.0   1.24
u[532]                 -0.16    0.25   0.49  -1.08   -0.5   -0.2   0.15   0.88    4.0   1.43
u[533]                  0.05    0.08   0.32  -0.62  -0.16   0.06   0.28   0.67   19.0   1.07
u[534]                 -0.24    0.69   1.29  -2.75  -1.22   -0.1   0.73   1.98    3.0    1.7
u[535]                  0.18    0.27   0.84  -1.58  -0.36   0.21   0.76   1.73   10.0   1.13
u[536]                  0.28    0.45   0.79  -1.28  -0.31   0.32   0.92   1.56    3.0   1.81
u[537]                 -0.26    0.36   0.59  -1.13   -0.7   -0.4   0.14   0.99    3.0   2.08
u[538]                 -0.25    0.47   0.98  -2.01  -0.97  -0.28   0.48   1.68    4.0   1.42
u[539]                 -0.34     0.7   1.23   -2.7  -1.27   -0.2   0.57   1.89    3.0   1.86
u[540]                 -0.37    0.64   1.09  -2.28  -1.19  -0.39   0.37   1.84    3.0   1.88
u[541]                  0.56    0.82    1.4  -2.35  -0.39   0.73   1.64   2.81    3.0   1.79
u[542]                 -0.48    0.65   0.95  -1.59  -1.16  -0.86   0.13   1.48    2.0   3.46
u[543]                  0.16    0.44   0.73  -1.06  -0.41  -0.05   0.79   1.45    3.0   2.83
u[544]                  0.05    0.14   0.82  -1.56  -0.49   0.05   0.63    1.6   37.0   1.05
u[545]                  0.67    0.94   1.39  -2.11  -0.22   1.15   1.74   2.36    2.0   3.29
u[546]                 -0.04    0.09   0.34  -0.73  -0.27  -0.04   0.19   0.61   13.0   1.11
u[547]                  0.23    0.42   1.01  -1.82  -0.47   0.28   0.97   2.08    6.0   1.26
u[548]                 -0.33    0.81   1.33   -2.3   -1.7  -0.21   0.92   1.72    3.0   2.79
u[549]                  -0.1    0.16   0.82  -1.74  -0.65  -0.08   0.46   1.46   27.0   1.05
u[550]                 -0.05    0.11   0.47  -1.02  -0.36  -0.04   0.27   0.85   18.0   1.08
u[551]                  -0.2    0.29   0.53   -1.1  -0.56  -0.27   0.13   0.98    3.0   1.54
u[552]                 -0.49    0.69   1.08   -2.1  -1.24  -0.78   0.16   1.81    2.0   2.19
u[553]                 -0.35    0.62   1.09  -2.29  -1.17  -0.33   0.37   1.83    3.0   1.72
u[554]                  0.29    0.38   0.61  -1.02  -0.05   0.46   0.73   1.15    3.0   2.09
u[555]                  -0.1    0.16   0.36  -0.79  -0.35  -0.12   0.13   0.66    5.0   1.29
u[556]                  0.37    0.61   1.02  -1.73  -0.36   0.46   1.17   2.07    3.0   1.91
u[557]                  0.07    0.12   0.34  -0.59  -0.16   0.07    0.3   0.71    8.0   1.18
u[558]                 -0.43    0.59   0.89  -1.57  -1.08  -0.75   0.09   1.44    2.0   2.92
u[559]                 -0.42    0.57   1.11  -2.37  -1.18  -0.54   0.22   2.06    4.0   1.43
u[560]                 -0.19    0.69   1.22  -2.23  -1.28  -0.14   0.83   1.89    3.0   2.06
u[561]                  0.05    0.19   0.49   -0.9   -0.3   0.07    0.4   0.94    6.0   1.25
u[562]                 -0.12    0.15   0.34  -0.75  -0.35  -0.14   0.09   0.61    5.0   1.28
u[563]                  0.33    0.45   0.69  -1.11  -0.11   0.55   0.84   1.23    2.0   2.61
u[564]                  0.04    0.21    0.4  -0.64  -0.27-2.0e-3   0.36    0.8    4.0   1.69
u[565]                   0.2     0.3   0.47  -0.81  -0.08   0.29   0.55   0.92    3.0   2.23
u[566]                  0.02    0.16   0.32  -0.55  -0.23-9.6e-3   0.25   0.64    4.0   1.48
u[567]                  0.45    0.62    0.9  -1.35  -0.02   0.84   1.06   1.42    2.0   4.35
u[568]                   0.2    0.41   1.04  -1.87  -0.54   0.26   0.94   2.05    6.0   1.25
u[569]                  -0.1    0.19   0.38  -0.78  -0.39  -0.09   0.18   0.61    4.0   1.53
u[570]                  0.18    0.52   0.84  -1.27  -0.49  -0.08   0.89   1.66    3.0   2.96
u[571]                  0.07    0.47   0.88  -1.46  -0.59  -0.01   0.74   1.77    4.0   1.78
u[572]                  0.64    0.87   1.25  -1.77  -0.19   1.23   1.46   1.82    2.0   6.01
u[573]                 -0.82    1.11   1.62  -2.49  -1.94  -1.55   0.27   2.42    2.0   4.37
u[574]                  0.01    0.13   0.87  -1.74  -0.56   0.02   0.59   1.69   46.0   1.05
u[575]                  0.09    0.37   0.84  -1.51  -0.53    0.1   0.72   1.63    5.0   1.39
u[576]                  0.19    0.38   0.82   -1.4  -0.38   0.19    0.8   1.73    5.0   1.35
u[577]                 -0.03    0.17   0.85   -1.7   -0.6  -0.02   0.56   1.56   26.0   1.06
u[578]                  0.47     0.7   1.03  -1.56  -0.22   0.66   1.35   1.73    2.0   4.69
u[579]                  0.23    0.34    0.9  -1.61  -0.37   0.25   0.86    1.9    7.0   1.19
u[580]                 -0.21    0.29   0.86  -1.81  -0.79  -0.23   0.33   1.53    9.0   1.14
u[581]                 -0.26    0.37   0.57  -1.08   -0.7  -0.41   0.12   0.93    2.0   2.39
u[582]                  0.95    1.31   1.86  -2.49  -0.38   1.83   2.23   2.59    2.0   8.88
u[583]                 -0.15    0.27   0.54  -1.17  -0.53  -0.15    0.2   0.96    4.0   1.48
u[584]                  0.14     0.2   0.43  -0.76  -0.12   0.19   0.46   0.87    4.0   1.35
u[585]                 -0.59    0.84   1.36   -2.7  -1.64  -0.85   0.32   2.38    3.0   2.07
u[586]                  0.15    0.25   0.41  -0.68  -0.12   0.19   0.47   0.82    3.0   2.11
u[587]                 -0.24    0.35   0.68  -1.45  -0.71  -0.28   0.17   1.24    4.0   1.47
u[588]                  0.54    0.73    1.2  -2.12  -0.11   0.85    1.4   2.27    3.0   1.88
u[589]                  0.21    0.61   0.99  -1.48  -0.58   -0.1   1.03   1.93    3.0   3.03
u[590]                   0.2     0.3   0.52  -0.89  -0.17   0.27    0.6   1.04    3.0   1.76
u[591]                 -0.19    0.28   0.89   -1.9  -0.78  -0.21   0.39   1.63   10.0   1.13
u[592]                 -0.45    0.74   1.15  -2.04  -1.62  -0.53   0.53   1.54    2.0   3.27
u[593]                 -0.58    0.82   1.27  -2.42  -1.48  -0.93   0.14   2.08    2.0   2.47
u[594]                  0.55     0.8   1.27  -2.14  -0.25   0.85   1.48   2.46    3.0   2.17
u[595]                  -0.1    0.56    1.1  -2.27   -0.9  -0.02   0.73   1.79    4.0   1.59
u[596]                 -0.54    0.78   1.32  -2.66  -1.53  -0.77   0.35   2.27    3.0   1.79
u[597]                 -0.47    0.66    1.0  -1.85  -1.16   -0.8    0.1   1.65    2.0   2.55
u[598]                 -0.36    0.51    1.0  -2.17  -1.03  -0.46   0.28   1.83    4.0   1.43
u[599]                  0.73    1.11   1.68  -2.64  -0.38   0.94   2.16   3.02    2.0   3.51
u[600]                  0.22    0.35   0.91  -1.64  -0.38   0.27   0.86   1.88    7.0    1.2
u[601]                  0.43    0.61    0.9  -1.37  -0.06   0.73   1.11    1.5    2.0   4.05
u[602]                 -0.09    0.37   1.02  -2.16   -0.8  -0.04   0.62   1.79    7.0   1.22
u[603]                 -0.33    0.53   0.89  -1.83  -0.98  -0.44   0.24   1.56    3.0   1.87
u[604]                  0.19    0.35   0.95  -1.63  -0.47   0.21   0.88   1.98    7.0    1.2
u[605]                   0.5    0.68   0.99  -1.48  -0.12   0.94   1.15   1.54    2.0   4.37
u[606]                 -0.13    0.12   0.76  -1.63  -0.63  -0.13   0.36    1.4   39.0   1.04
u[607]                 -0.62    0.84   1.24  -2.01  -1.56  -1.11   0.17   1.86    2.0   4.02
u[608]                 -0.28    0.44   0.97  -2.12  -0.94  -0.33   0.35   1.74    5.0    1.3
u[609]                 -0.34     0.5   0.98  -2.07  -1.03  -0.43   0.28   1.72    4.0   1.42
u[610]               -4.8e-3    0.06   0.78  -1.55  -0.53-1.8e-4   0.52   1.51  177.0   1.02
u[611]                 -0.31    0.47   0.73  -1.37  -0.96   -0.4   0.25   1.09    2.0    2.7
u[612]                  0.13    0.22    0.4  -0.71  -0.13   0.18   0.42   0.81    3.0   1.53
u[613]                 -0.05    0.14   0.74  -1.49  -0.57  -0.04   0.45   1.36   28.0   1.06
u[614]                 -0.07    0.24    0.9  -1.83  -0.69  -0.06   0.56   1.66   14.0    1.1
u[615]               -7.8e-3    0.38   0.87  -1.69  -0.65   0.04   0.65   1.52    5.0   1.35
u[616]                  0.18    0.27   0.45  -0.76   -0.1   0.25   0.52   0.89    3.0   1.97
u[617]                  0.06    0.54   1.19  -2.16  -0.86    0.1   0.95    2.2    5.0    1.4
u[618]                  0.12    0.19   0.43  -0.77  -0.17   0.14   0.44    0.9    5.0   1.29
u[619]                 -0.41    0.58   0.91  -1.68  -1.04  -0.68   0.06   1.59    2.0   2.26
u[620]                  0.13     0.2   0.37  -0.65  -0.11   0.18    0.4   0.77    3.0   1.56
u[621]                  0.04    0.27   0.72  -1.32  -0.47   0.03   0.55   1.43    7.0   1.22
u[622]                  0.17    0.21   0.41  -0.75   -0.1   0.21   0.46   0.87    4.0    1.4
u[623]                 -0.14    0.19   0.81  -1.74  -0.68  -0.15   0.39   1.46   19.0   1.07
u[624]                  0.37    0.53   0.83  -1.37  -0.21   0.54   1.05   1.58    3.0   2.25
u[625]                   0.2    0.28   0.45  -0.76  -0.09   0.29   0.52   0.88    3.0   1.98
u[626]                 -0.03    0.02   0.31  -0.64  -0.23  -0.02   0.18   0.56  271.0   1.02
u[627]                 -0.47    0.64   0.95  -1.64   -1.2   -0.8   0.13   1.45    2.0    3.3
u[628]                 -0.91    1.21   1.75  -2.67  -2.12  -1.74   0.15   2.53    2.0    5.1
u[629]                  0.13    0.34    0.7  -1.19  -0.39   0.14   0.69   1.34    4.0   1.48
u[630]                 -0.13    0.24   0.43  -0.84   -0.5  -0.12   0.23   0.62    3.0    1.9
u[631]                 -0.18    0.32   0.93  -1.98  -0.78  -0.21   0.42   1.73    9.0   1.16
u[632]                  0.42    0.62   1.09  -1.93  -0.25   0.59   1.22   2.14    3.0    1.7
u[633]                 -0.29    0.42   0.92  -1.94  -0.92  -0.35   0.29   1.71    5.0   1.29
u[634]                  0.23    0.51   0.96  -1.53  -0.54   0.24   1.01   1.89    4.0   1.59
u[635]                 -0.27    0.61   1.13  -2.44  -1.09  -0.19   0.54   1.78    3.0   1.62
u[636]                  0.29    0.78   1.29   -1.9  -0.68  -0.06   1.39   2.61    3.0   2.68
u[637]                 -0.06    0.16   0.83  -1.72   -0.6  -0.07   0.49   1.59   27.0   1.05
u[638]                 -0.31    0.56   1.03  -2.16  -1.11  -0.34   0.48   1.65    3.0   1.63
u[639]                  0.18    0.25   0.51  -0.87  -0.17   0.23   0.56   1.05    4.0    1.4
u[640]                 -0.16    0.39   0.91  -1.92  -0.81  -0.16    0.5   1.61    5.0   1.31
u[641]                 -0.28    0.42   0.92   -2.0  -0.91   -0.3   0.33   1.63    5.0   1.31
u[642]                 -0.24     0.4   0.63  -1.22   -0.8  -0.28   0.26   0.93    3.0   2.42
u[643]                 -0.05     0.3   0.76  -1.45  -0.59  -0.07   0.49   1.45    6.0   1.28
u[644]                4.7e-3    0.19   0.57  -1.08  -0.39   0.02   0.41   1.05    9.0   1.17
u[645]                  0.16    0.23    0.4  -0.71  -0.08   0.23   0.44   0.78    3.0   1.67
u[646]                 -0.38    0.53   0.81  -1.48  -0.95  -0.63    0.1   1.39    2.0    2.4
u[647]                 -0.12    0.16    0.8  -1.69  -0.67  -0.13   0.41   1.45   24.0   1.06
u[648]                 -0.09    0.06   0.81  -1.69  -0.65  -0.09   0.47   1.43  180.0   1.02
u[649]                 -0.07     0.2   0.86  -1.77  -0.65  -0.06    0.5    1.6   19.0   1.07
u[650]                 -0.49    0.69   1.26  -2.59  -1.35   -0.7   0.27   2.29    3.0   1.54
u[651]                  0.06    0.08   0.38   -0.7   -0.2   0.08   0.32    0.8   22.0   1.06
u[652]                 -0.12    0.29    0.8  -1.63  -0.67  -0.13   0.43   1.43    7.0   1.21
u[653]                  -0.2    0.29   0.85  -1.83  -0.78  -0.22   0.34   1.54    8.0   1.15
u[654]                 -0.25    0.44   0.92  -1.94  -0.92  -0.25    0.4   1.51    4.0   1.38
u[655]                  0.81    1.09    1.6  -2.36  -0.12    1.5    2.0   2.54    2.0   4.08
u[656]                  0.51    0.71   1.03  -1.48  -0.11   0.91   1.27   1.62    2.0   5.19
u[657]                 -0.68    0.93   1.48  -2.93  -1.75  -1.04   0.29    2.5    3.0   2.09
u[658]                 -0.04    0.52   0.89  -1.35  -0.89 3.2e-3   0.65   1.56    3.0   2.53
u[659]                 -0.09    0.28   0.95  -1.92  -0.74   -0.1   0.57   1.78   12.0   1.12
u[660]                 -0.69    0.98   1.48  -2.72  -1.76  -1.13    0.2   2.36    2.0   2.83
u[661]                 -0.13    0.28   0.85  -1.75  -0.73  -0.15   0.45   1.51    9.0   1.16
u[662]                 -0.57    0.81   1.34  -2.73  -1.59  -0.76   0.29   2.25    3.0   1.95
u[663]                  0.08    0.18   0.83  -1.61  -0.47   0.11   0.65   1.67   22.0   1.07
u[664]                 -0.06    0.32   0.57  -0.97  -0.58  -0.03    0.4   0.93    3.0   2.24
u[665]                   1.0    1.35   1.95  -2.78  -0.24   1.96   2.45   2.92    2.0   5.22
u[666]                  0.16    0.27   0.45  -0.72  -0.16   0.16   0.52   0.94    3.0   2.09
u[667]                  0.43    0.63   0.93  -1.39  -0.21    0.7   1.18   1.53    2.0   4.58
u[668]                 -0.31     0.6   1.05  -2.21  -1.12  -0.26   0.43   1.71    3.0   1.81
u[669]                 -0.08    0.29    0.7   -1.5  -0.58  -0.06   0.43    1.2    6.0   1.29
u[670]                  0.12    0.34   0.72  -1.21  -0.45   0.12   0.69   1.42    4.0   1.44
u[671]                 -0.42    0.66   1.02  -1.83  -1.43  -0.51   0.46   1.34    2.0   3.27
u[672]                  0.24    0.36   0.83  -1.54   -0.3   0.31   0.82   1.71    5.0   1.27
u[673]                 -0.06    0.16   0.35  -0.72  -0.31  -0.07    0.2   0.61    5.0   1.41
u[674]                   0.2    0.52   1.19  -2.07  -0.69   0.23   1.08   2.42    5.0   1.34
u[675]                  0.11    0.27   0.46  -0.69  -0.23   0.02    0.5   0.96    3.0   2.14
u[676]                  0.14    0.24   0.48  -0.83  -0.19   0.18   0.51   0.96    4.0   1.43
u[677]                 -0.28    0.56   1.01  -2.13  -1.02  -0.25   0.44   1.64    3.0   1.75
u[678]                 -0.32    0.45   0.69  -1.27  -0.82  -0.52    0.1   1.19    2.0   2.39
u[679]                   0.4    0.56   0.83   -1.3  -0.03   0.72   0.98   1.41    2.0   3.31
u[680]                 -0.16    0.29   0.59  -1.26  -0.57  -0.21    0.2   1.11    4.0   1.37
u[681]                 -0.01    0.01   0.76  -1.51  -0.52  -0.03   0.49   1.51 4084.0    1.0
u[682]                  0.05    0.11   0.37   -0.7  -0.19   0.06    0.3   0.74   11.0   1.12
u[683]                  0.09    0.38   0.64  -0.93  -0.43  -0.04   0.62   1.29    3.0   2.54
u[684]                  0.17    0.31   0.59  -0.94  -0.29   0.18   0.62   1.22    4.0   1.57
u[685]                 -0.25    0.43   0.78  -1.66  -0.84  -0.24   0.28   1.34    3.0   1.66
u[686]                  0.32    0.48   1.02  -1.78  -0.37   0.37   1.07   2.13    4.0   1.34
u[687]                 -0.53    0.75   1.16  -2.19  -1.35  -0.87   0.12   1.96    2.0   2.48
u[688]                   0.4    0.63   1.01   -1.6  -0.38   0.49   1.25   1.97    3.0   2.18
u[689]                   0.1    0.14   0.31  -0.57  -0.11   0.13   0.32   0.65    5.0   1.26
u[690]                 -0.55    0.73   1.07  -1.76   -1.3   -1.0   0.08   1.63    2.0   3.67
u[691]                 -0.46    0.69   1.05  -1.87  -1.41  -0.65   0.32   1.55    2.0   3.26
u[692]                 -1.11    1.46   2.09  -3.16   -2.5   -2.1   0.22   2.97    2.0   5.33
u[693]                  0.24    0.43    0.9  -1.54  -0.37   0.26   0.87    1.9    4.0   1.37
u[694]                   0.1    0.13   0.39  -0.71  -0.16   0.11   0.37   0.83    9.0   1.13
u[695]                  0.63    0.85   1.23  -1.84  -0.02   1.19   1.52   1.91    2.0   4.31
u[696]                 -0.34    0.53   0.93  -1.96  -0.99  -0.44   0.24   1.66    3.0   1.71
u[697]                  0.02    0.09   0.29  -0.55  -0.18   0.02   0.21   0.59    9.0   1.18
u[698]                 -0.03    0.26   0.92  -1.89  -0.65  -0.02   0.63   1.73   13.0   1.12
u[699]                  0.43     0.6   0.88  -1.36   -0.1   0.76   1.06   1.48    2.0   3.85
u[700]                 -0.15    0.49   0.98  -1.89  -0.95  -0.18   0.64   1.65    4.0   1.54
u[701]                  0.06    0.05   0.69   -1.3  -0.42   0.05   0.53   1.38  204.0   1.02
u[702]                 -0.27    0.41   0.69  -1.37  -0.76   -0.4   0.12   1.24    3.0    1.8
u[703]                  -0.1    0.37   0.99   -2.1  -0.76  -0.07    0.6   1.73    7.0   1.21
u[704]                 -0.29    0.44    1.0  -2.17  -0.96  -0.36   0.32   1.85    5.0   1.27
u[705]                  0.06    0.11   0.83  -1.61  -0.48   0.08   0.62   1.64   61.0   1.04
u[706]                  0.65    1.05   1.57  -2.43  -0.47   0.69   2.07   2.72    2.0   4.81
u[707]                 -0.45    0.64   1.01  -1.96  -1.15  -0.72   0.16   1.72    2.0   2.24
u[708]                 -0.39     0.6   0.91  -1.64  -1.21  -0.53   0.31   1.33    2.0   3.08
u[709]                 -0.46    0.64   1.14  -2.38  -1.26  -0.62   0.24   2.03    3.0   1.62
u[710]                 -0.31    0.45   0.98  -2.07  -0.97  -0.38   0.29   1.81    5.0   1.31
u[711]                  0.04    0.27   0.48  -0.74  -0.34  -0.03   0.42   0.95    3.0   2.21
u[712]                  0.22    0.32   0.85  -1.58  -0.35   0.27   0.82   1.75    7.0   1.18
u[713]                  0.19    0.36   0.58   -0.9  -0.23   0.11   0.72   1.15    3.0   2.71
u[714]                  0.19    0.27   0.45  -0.77  -0.09   0.29   0.51   0.87    3.0   1.81
u[715]                  0.05    0.58   1.27  -2.42  -0.91   0.12    1.0   2.29    5.0   1.42
u[716]                  0.17    0.27   0.76  -1.36  -0.33   0.19   0.71   1.63    8.0   1.16
u[717]                  0.46    0.63   0.95  -1.52  -0.15    0.8   1.16   1.63    2.0   2.84
u[718]                  0.19    0.36   0.95   -1.7  -0.46   0.22   0.89   1.92    7.0   1.21
u[719]                 -0.83    1.12   1.62  -2.58  -1.91  -1.55   0.19   2.45    2.0   4.12
u[720]                  0.56    0.75   1.12  -1.68  -0.18   0.97   1.42    1.9    2.0   3.39
u[721]                 -0.44    0.67   1.06  -2.08  -1.21  -0.67   0.23   1.81    2.0   2.23
u[722]                   0.1    0.09   0.73   -1.4  -0.38   0.13   0.59   1.48   68.0   1.03
u[723]                   0.2    0.28   0.45  -0.76  -0.07   0.32   0.51   0.84    3.0   2.11
u[724]                 -0.04    0.06   0.34   -0.7  -0.26  -0.04   0.19   0.62   33.0   1.05
u[725]                  0.25     0.4    0.6  -0.95  -0.15   0.35   0.77    1.1    2.0   3.21
u[726]                 -0.22    0.33   0.59  -1.23  -0.62  -0.29   0.11   1.11    3.0   1.59
u[727]                 -0.33    0.49   0.75  -1.37  -0.97  -0.47   0.23   1.11    2.0   3.03
u[728]                 -0.21    0.26   0.83   -1.8  -0.77  -0.22   0.32   1.51   10.0   1.12
u[729]                 -0.42    0.65   1.12  -2.28  -1.33  -0.45   0.43   1.77    3.0   1.88
u[730]                  0.82    1.17   1.69  -2.38  -0.37    1.3   2.23   2.55    2.0   7.25
u[731]                 -0.19    0.47   0.98  -2.13   -0.9  -0.13   0.51   1.58    4.0   1.44
u[732]                  -0.6     0.8   1.18  -1.97  -1.44  -1.08   0.15   1.78    2.0   3.56
u[733]                 -0.35     0.5   0.78  -1.51  -0.89  -0.56   0.09   1.33    2.0   2.23
u[734]                 -0.11    0.29   0.51  -0.94  -0.58  -0.09   0.33   0.76    3.0   2.16
u[735]                  0.31    0.47   0.92   -1.7  -0.28   0.42   0.96   1.85    4.0   1.42
u[736]                 -0.14    0.23   0.77  -1.61  -0.68  -0.14   0.38   1.35   11.0   1.12
u[737]                 -0.21     0.3   0.53  -1.11  -0.58  -0.28    0.1   0.93    3.0   1.58
u[738]                 -0.29    0.44   0.92  -1.96  -0.95  -0.31   0.32   1.63    4.0   1.36
u[739]                 -0.56     0.8   1.18  -1.99  -1.51  -0.98    0.2   1.83    2.0   3.53
u[740]                 -0.61    0.85    1.3  -2.43  -1.52  -1.02   0.12   2.16    2.0   2.63
u[741]                 -0.09    0.08   0.81  -1.71  -0.61  -0.08   0.45   1.51  117.0   1.03
u[742]                  0.33    0.46    0.7   -1.1  -0.14   0.59   0.83   1.21    2.0   2.81
u[743]                  0.11    0.18   0.73  -1.33  -0.38   0.14    0.6   1.54   16.0   1.08
u[744]                  0.03     0.3   0.96  -1.84  -0.65   0.04   0.72   1.85   10.0   1.16
u[745]                 -0.19    0.28   0.52  -1.15  -0.53  -0.22   0.13   0.92    4.0   1.53
u[746]                  -0.1    0.29   0.65  -1.38  -0.56  -0.06   0.38   1.12    5.0   1.36
u[747]                 -0.13    0.23   0.88  -1.88  -0.73  -0.15   0.46   1.59   15.0    1.1
u[748]                 -0.48     0.7   1.13  -2.25  -1.27  -0.72   0.19   1.94    3.0   2.07
u[749]                  0.07    0.59   0.99   -1.4  -0.78  -0.03   0.77    1.9    3.0    2.7
u[750]                  0.48    0.79   1.18  -1.79  -0.33    0.5   1.55   2.07    2.0   4.61
u[751]                  -0.4    0.66   1.15  -2.44  -1.24  -0.47   0.38   1.94    3.0   1.79
u[752]                  0.33    0.48   0.95  -1.74  -0.25   0.44    1.0   1.95    4.0    1.4
u[753]                  0.49    0.73   1.07   -1.6   -0.2   0.71    1.4   1.78    2.0   4.79
u[754]                 -0.06    0.23   0.55  -1.17  -0.45  -0.03   0.33   0.95    6.0    1.3
u[755]                  -0.4    0.64   1.06   -2.2  -1.18  -0.48   0.31   1.83    3.0   1.97
u[756]                  0.08    0.07    0.8  -1.53  -0.45    0.1   0.62   1.62  138.0   1.02
u[757]                  0.53    0.75   1.09  -1.61  -0.08    0.9   1.38   1.73    2.0   4.94
u[758]                 -0.95    1.32   1.92  -3.01  -2.48  -1.74   0.17   2.74    2.0   4.78
u[759]                  0.18     0.7   1.17   -1.7  -0.75  -0.07   1.13   2.37    3.0   2.49
u[760]                  0.53    0.71   1.04  -1.57   0.02   0.98   1.25   1.66    2.0   3.96
u[761]                  0.86    1.18   1.68  -2.26  -0.29   1.66   2.01   2.34    2.0   8.63
u[762]                  0.12    0.18   0.74  -1.39  -0.38   0.15   0.64   1.52   17.0   1.08
u[763]                  0.63     0.9   1.39  -2.11  -0.41   0.95   1.77   2.59    2.0   2.61
u[764]                  0.28    0.48   0.74  -1.15  -0.24   0.27   0.95   1.37    2.0   3.64
u[765]                  0.26    0.38   0.95  -1.61  -0.37   0.27   0.94   2.04    6.0   1.22
u[766]                  0.11     0.2   0.39  -0.72  -0.15   0.13   0.39   0.83    4.0   1.43
u[767]                  0.52    0.75   1.13  -1.73  -0.26   0.89   1.44   1.97    2.0   3.13
u[768]                 -0.19    0.22   0.82  -1.76  -0.72   -0.2   0.33   1.47   14.0   1.09
u[769]                 -0.23    0.32   0.88  -1.88  -0.83  -0.25   0.33   1.59    8.0   1.16
u[770]                  0.37    0.54   0.79   -1.2  -0.18   0.62   0.98   1.31    2.0   4.32
u[771]                 -0.28    0.52   0.93  -1.98  -0.98  -0.28   0.35   1.58    3.0   1.67
u[772]                  0.11    0.25   0.43  -0.68  -0.21   0.05   0.46   0.91    3.0   1.89
u[773]                 -0.11    0.15   0.79  -1.64  -0.62  -0.12   0.42   1.47   29.0   1.05
u[774]                  0.07    0.16   0.81  -1.52  -0.49    0.1   0.64   1.57   26.0   1.07
u[775]                  0.49    0.73   1.16  -1.83  -0.37   0.68   1.45    2.2    3.0   2.29
u[776]                4.4e-3    0.01   0.75  -1.45  -0.49 4.1e-3   0.52   1.48 3720.0    1.0
u[777]                 -0.31    0.48    0.8  -1.63  -0.89  -0.39    0.2   1.33    3.0   1.91
u[778]                 -0.15    0.45   0.89  -1.88  -0.76  -0.08   0.51   1.42    4.0   1.57
u[779]                 -0.38    0.52   0.82  -1.56  -0.94  -0.62   0.09   1.39    2.0   2.23
u[780]                  0.13     0.3   0.51   -0.8  -0.24   0.06   0.56   1.06    3.0   2.06
u[781]                  0.91    1.24   1.81   -2.6   -0.2    1.7   2.28    2.8    2.0   4.68
u[782]                 -0.46    0.73   1.21  -2.48  -1.38  -0.57   0.37    2.0    3.0   2.05
u[783]                 -0.92    1.22   1.76  -2.72   -2.1  -1.73   0.13   2.59    2.0   4.76
u[784]                 -0.19     0.4   0.66  -1.24  -0.84  -0.15   0.39   0.89    3.0   2.45
u[785]                  -0.4    0.61   0.92   -1.7  -1.24  -0.53   0.33    1.3    2.0   3.12
u[786]                 -0.25    0.38   0.69  -1.48  -0.74   -0.3    0.2   1.18    3.0   1.61
u[787]                 -0.32    0.54   0.84  -1.55  -1.16  -0.35   0.43   1.13    2.0   3.02
u[788]                 -0.03    0.45   0.93  -1.84  -0.72   0.01   0.71   1.57    4.0   1.49
u[789]                  0.46    0.66   1.02  -1.59  -0.25    0.7   1.29   1.88    2.0   2.58
u[790]                 -0.44    0.72    1.1  -1.97  -1.54  -0.53   0.51    1.5    2.0   3.27
u[791]                  0.13    0.18   0.36  -0.63  -0.12   0.16   0.38   0.76    4.0    1.4
u[792]                  0.75    1.04   1.49  -2.04  -0.37   1.47   1.75   2.07    2.0   8.02
u[793]                 -0.48    0.71    1.1  -2.03  -1.28  -0.79   0.16   1.86    2.0    2.5
u[794]                  0.13    0.24    0.5  -0.87  -0.23   0.15    0.5   1.02    4.0   1.42
u[795]                  0.33    0.48   0.71  -1.11  -0.25   0.57   0.86   1.19    2.0   3.83
u[796]                  0.14    0.19   0.77  -1.47  -0.36   0.18   0.67   1.56   17.0   1.08
u[797]                  0.07    0.18   0.47  -0.84  -0.26   0.08   0.41   0.93    7.0   1.24
u[798]                 -0.29    0.73   1.24  -2.28  -1.45  -0.22    0.8   1.75    3.0   2.31
u[799]                 -0.27    0.39   0.61  -1.15  -0.78  -0.39   0.18   0.95    2.0   2.61
u[800]                  0.25    0.37   0.63  -1.04  -0.19   0.34   0.75   1.27    3.0    1.8
u[801]                  0.01    0.01   0.77  -1.56  -0.49   0.01   0.52   1.51 4110.0   1.01
u[802]                  0.03    0.06   0.35  -0.68   -0.2   0.05   0.27   0.69   31.0   1.06
u[803]                  0.17    0.32   0.76  -1.38  -0.33   0.21   0.71   1.56    6.0   1.25
u[804]                  0.96    1.29   1.84  -2.48   -0.2   1.89   2.14   2.55    2.0    7.7
u[805]                 -0.11    0.26   0.48  -0.96  -0.51  -0.09   0.28   0.73    3.0    1.8
u[806]                 -0.15     0.2   0.81  -1.77  -0.69  -0.15   0.38   1.48   17.0   1.07
u[807]                 -0.37    0.58   1.07  -2.27  -1.16  -0.43   0.38   1.82    3.0   1.57
u[808]                  0.12     0.2   0.37  -0.64  -0.12   0.13   0.39   0.78    3.0   1.58
u[809]                  0.03    0.44   0.91  -1.54  -0.68  -0.03   0.71    1.8    4.0   1.52
u[810]                 -0.09    0.26   0.57  -1.21  -0.51  -0.07   0.33   0.95    5.0   1.38
u[811]                  0.15    0.39   0.79  -1.33  -0.47   0.14   0.77   1.61    4.0   1.51
u[812]                  0.21    0.61   1.26  -2.17  -0.74   0.23   1.19   2.48    4.0   1.45
u[813]                  0.18    0.26   0.43  -0.77  -0.08   0.28   0.48   0.82    3.0   1.89
u[814]                  0.13    0.32   0.52  -0.79  -0.26   0.02   0.59   1.03    3.0   2.54
u[815]                 -0.09    0.45   1.09  -2.25  -0.86  -0.07   0.69    1.9    6.0   1.28
u[816]                 -0.18    0.26   0.44   -0.9  -0.49  -0.27    0.1   0.78    3.0   1.69
u[817]                 -0.59    0.83   1.23  -2.07   -1.6   -1.0   0.21   1.84    2.0    3.6
u[818]                  0.03    0.29   0.82   -1.5  -0.54 8.2e-3    0.6   1.66    8.0    1.2
u[819]                 -0.04    0.33   0.98  -1.92  -0.72  -0.02   0.64   1.83    9.0   1.17
u[820]                   0.5    0.79   1.17   -1.8  -0.32   0.58   1.57   2.03    2.0   4.65
u[821]                  0.05    0.03   0.77  -1.49  -0.49   0.05   0.58   1.51  925.0   1.01
u[822]                 -0.16     0.4   0.67  -1.25   -0.8  -0.13   0.44   0.94    3.0    2.3
u[823]                  0.07    0.17   0.72  -1.36  -0.44   0.07   0.57   1.47   17.0   1.08
u[824]                   0.1    0.33   0.68  -1.15  -0.42   0.12   0.63   1.28    4.0    1.5
u[825]                 -0.15    0.24   0.45  -0.95  -0.47  -0.17   0.15   0.79    4.0   1.51
u[826]                 -0.47    0.66   1.02   -1.9   -1.2  -0.75   0.18   1.69    2.0   2.51
u[827]                  0.12    0.37   1.02  -1.87   -0.6   0.14   0.88   2.01    8.0    1.2
u[828]                  0.35    0.49   0.75   -1.2  -0.17   0.59   0.91   1.29    2.0   2.71
u[829]                  0.28     0.4   0.61  -1.03  -0.07   0.49   0.71   1.07    2.0   2.58
u[830]                 -0.25    0.41   0.74  -1.58  -0.77   -0.3   0.21   1.33    3.0   1.62
u[831]                 -0.77    1.03   1.51   -2.5  -1.78  -1.39    0.1   2.32    2.0   3.57
u[832]                  0.07    0.69   1.17   -1.6  -0.94-5.1e-3   0.89    2.2    3.0   2.73
u[833]                 -0.23    0.56   0.92   -1.6  -1.16  -0.15   0.61    1.2    3.0    2.7
u[834]                 -0.29     0.4   0.64  -1.24  -0.74  -0.46    0.1   1.07    3.0   2.09
u[835]                  -0.2    0.26   0.85  -1.81  -0.78  -0.23   0.34   1.54   10.0   1.12
u[836]                  0.63    0.88   1.27  -1.78  -0.29   1.17   1.55   1.89    2.0   6.41
u[837]                  0.32    0.73   1.41  -2.21   -0.8    0.3   1.44   2.82    4.0   1.59
u[838]                 -0.51     0.7   1.06  -1.94  -1.24  -0.87   0.13   1.73    2.0    2.6
u[839]                  0.59    0.79   1.14  -1.69  -0.03   1.11   1.36   1.75    2.0   4.57
u[840]                 -0.39    0.58   0.94  -1.83  -1.03  -0.61   0.14   1.67    3.0   2.02
u[841]                  0.54    0.75   1.14   -1.8  -0.26   0.87   1.45   2.04    2.0    2.9
u[842]                  0.78    1.07   1.53  -2.06  -0.31   1.52    1.8   2.12    2.0   8.11
u[843]                  -0.2     0.3   0.89  -1.94  -0.78  -0.23   0.37   1.59    9.0   1.14
u[844]                  0.36    0.52   1.06  -1.93  -0.34   0.46   1.13   2.17    4.0   1.36
u[845]                 -0.11    0.37   0.82  -1.72  -0.69  -0.05   0.48   1.39    5.0   1.38
u[846]                  0.35    0.48   0.71  -1.11  -0.05   0.63   0.84   1.18    2.0    3.2
u[847]                  0.35     0.5   0.74  -1.15  -0.08   0.64   0.88   1.23    2.0   3.56
u[848]                 -0.32    0.46   0.71  -1.31   -0.9  -0.48   0.19    1.1    2.0   2.65
u[849]                 -0.09    0.14   0.37  -0.82  -0.35  -0.11   0.16   0.67    7.0   1.17
u[850]                  0.17    0.26   0.79  -1.49  -0.34   0.21   0.71   1.65    9.0   1.13
u[851]                  0.68    0.96   1.44  -2.16   -0.3   1.11   1.86   2.51    2.0   3.19
u[852]                  0.38    0.52   0.79  -1.27  -0.12   0.65   0.95   1.38    2.0   2.55
u[853]                 -0.25    0.33   0.55  -1.11  -0.65  -0.35   0.11   0.94    3.0   1.84
u[854]                   0.2    0.29   0.46  -0.79  -0.09   0.34   0.52   0.86    2.0   2.19
u[855]                   0.1    0.23   0.84  -1.51  -0.48   0.12   0.68   1.74   13.0    1.1
u[856]                 -0.06    0.21   0.54  -1.14  -0.43  -0.04   0.32   0.94    7.0   1.24
u[857]                  0.76    1.06   1.52   -2.1  -0.31   1.37   1.88   2.18    2.0   7.71
u[858]                 -0.23    0.32   0.53  -1.06  -0.61  -0.34    0.1   0.95    3.0   1.81
u[859]                 -0.09    0.23   0.41  -0.81  -0.44  -0.07   0.24   0.63    3.0   1.86
u[860]                 -0.82     1.1   1.58  -2.43  -1.92  -1.55   0.16   2.29    2.0   4.85
u[861]                 -0.02     0.1    0.3   -0.6  -0.23  -0.02   0.19   0.58   10.0   1.17
u[862]                  0.15    0.26   0.44  -0.74  -0.15   0.14   0.51   0.91    3.0   2.02
u[863]                 -0.49    0.95   1.65  -3.39  -1.84  -0.45   0.72   2.66    3.0   1.86
u[864]                  -0.1    0.14   0.81  -1.68  -0.64   -0.1   0.43   1.56   35.0   1.05
u[865]                 -0.17    0.45    0.9  -1.84  -0.83  -0.16   0.52   1.47    4.0   1.52
u[866]                   0.4    0.56   0.84  -1.33  -0.16   0.68   1.04   1.48    2.0   2.81
u[867]                  0.17    0.47   0.93  -1.58  -0.54   0.15   0.91   1.82    4.0   1.53
u[868]                  0.09    0.52   0.96  -1.55  -0.65-6.8e-3   0.85   1.86    3.0   1.85
u[869]                  0.28    0.39   0.88  -1.56  -0.29   0.37   0.91   1.81    5.0   1.26
u[870]                 -0.01    0.24   0.88  -1.73   -0.6-5.2e-3   0.62   1.62   13.0   1.12
u[871]                  0.42    0.63   0.93  -1.41   -0.2   0.57   1.22   1.62    2.0   4.21
u[872]                 -0.13    0.22   0.75  -1.57  -0.62  -0.13   0.35   1.34   12.0   1.12
u[873]                  0.01    0.19   0.38  -0.64  -0.28  -0.01    0.3   0.74    4.0   1.65
u[874]                 -0.06    0.44   0.75  -1.19  -0.77-4.0e-3   0.52   1.28    3.0   2.51
u[875]                  0.31    0.42   0.91  -1.64  -0.27   0.38   0.96    1.9    5.0   1.29
u[876]                   0.7    0.97   1.41  -2.08  -0.12   1.31   1.74   2.21    2.0   4.31
u[877]                  -0.6    0.81   1.18  -1.93  -1.48   -1.1   0.09   1.73    2.0   4.08
u[878]                  0.03    0.01   0.79  -1.56  -0.49   0.03   0.56   1.58 3728.0    1.0
u[879]                 -0.04    0.02   0.74  -1.48  -0.54  -0.06   0.46   1.38 1780.0   1.01
u[880]                 -0.11    0.12   0.81  -1.71  -0.64  -0.12   0.41   1.55   45.0   1.04
u[881]                  0.15    0.32   0.95  -1.76  -0.51   0.17   0.83   1.89    9.0   1.16
u[882]                  -0.3    0.49   0.87  -1.86  -0.92  -0.33   0.28   1.51    3.0    1.7
u[883]                 -0.43    0.73   1.13  -2.03   -1.6   -0.5   0.59   1.48    2.0   3.19
u[884]                  0.19    0.27   0.45  -0.77  -0.08   0.29   0.52   0.88    3.0   1.81
u[885]                  0.48     0.7   1.03  -1.55  -0.22   0.73   1.33   1.71    2.0   4.71
u[886]                 -0.17     0.5   1.02  -2.19  -0.91  -0.09   0.59   1.64    4.0   1.53
u[887]                  0.21    0.36   0.94  -1.71  -0.42   0.25   0.87    2.0    7.0    1.2
u[888]                 -0.37    0.49   0.77  -1.42   -0.9   -0.6   0.02    1.3    2.0    2.3
u[889]                  0.14     0.2   0.47  -0.84  -0.18   0.18   0.47   0.97    5.0   1.26
u[890]                  0.02    0.75   1.43  -2.66  -1.08   0.12   1.19   2.43    4.0    1.7
u[891]                  0.13    0.21   0.73  -1.37  -0.35   0.14   0.61   1.55   12.0    1.1
u[892]                  0.59    0.85   1.41  -2.33  -0.38   0.83   1.65   2.87    3.0    1.9
u[893]                  0.08    0.35   0.78  -1.39  -0.51   0.09   0.68   1.52    5.0   1.36
u[894]                  -0.6    0.84   1.25  -2.11  -1.55  -1.06   0.12   1.93    2.0   3.57
u[895]                 -0.15    0.27   0.88  -1.88  -0.78  -0.14   0.45   1.55   11.0   1.13
u[896]                  0.28     0.4   0.62  -1.03  -0.07   0.48   0.72   1.13    2.0   2.27
u[897]                1.6e-3    0.48   0.82  -1.21  -0.74   0.01   0.56   1.51    3.0   2.61
u[898]                 -0.14    0.25   0.84  -1.81  -0.69  -0.14   0.43   1.44   11.0   1.13
u[899]                  0.16    0.65   1.12  -1.65  -0.74  -0.07   1.04   2.27    3.0   2.36
u[900]                  0.09     0.1   0.78  -1.44  -0.43    0.1   0.64   1.61   60.0   1.03
u[901]                 -0.16    0.32   0.78  -1.62  -0.69  -0.18   0.37   1.42    6.0   1.25
u[902]                  0.37    0.52   0.78  -1.22  -0.11   0.66   0.94   1.31    2.0   3.06
u[903]                  0.06    0.12   0.83  -1.57  -0.48   0.05   0.61   1.68   50.0   1.04
u[904]                 -0.08     0.1   0.81  -1.67   -0.6  -0.08   0.44   1.51   69.0   1.03
u[905]                  -0.1    0.13   0.76  -1.58  -0.62  -0.08   0.41   1.41   33.0   1.04
u[906]                 -0.22    0.51   0.97  -1.97   -1.0  -0.22   0.53   1.54    4.0   1.58
u[907]                  0.33    0.47   0.71  -1.15  -0.11   0.56   0.85   1.25    2.0    3.0
u[908]                  0.22    0.38   0.67  -1.05  -0.29   0.27   0.76   1.33    3.0   1.77
u[909]                  -0.1    0.13   0.77  -1.58  -0.63   -0.1    0.4   1.35   37.0   1.04
u[910]                  0.32    0.49   0.94  -1.73  -0.27   0.44    1.0   1.88    4.0   1.46
u[911]                 -0.28    0.37   0.93  -1.99  -0.92  -0.34   0.32   1.69    6.0   1.21
u[912]                  -0.1    0.18   0.36  -0.77  -0.36  -0.11   0.16   0.61    4.0   1.42
u[913]                 -0.23    0.34   0.92  -1.96  -0.85  -0.28   0.37   1.68    7.0   1.17
u[914]                 -0.16    0.17   0.83  -1.74   -0.7  -0.16   0.39   1.47   25.0   1.06
u[915]                  0.13    0.45   0.93  -1.61  -0.58   0.14   0.86   1.79    4.0   1.48
u[916]                  0.08    0.47   0.89  -1.41  -0.61  -0.02   0.76   1.82    3.0   1.75
u[917]                  0.31    0.59   1.08  -1.68  -0.53   0.32    1.2   2.16    3.0   1.71
u[918]                  0.47    0.77   1.21  -1.99  -0.36   0.56   1.48   2.35    2.0   2.53
u[919]                 -0.09    0.13    0.8  -1.64  -0.62  -0.11   0.43   1.52   39.0   1.04
u[920]                  0.17    0.46   1.08  -1.93  -0.62   0.18   0.98   2.14    6.0    1.3
u[921]                 -0.12    0.23   0.81  -1.62  -0.69  -0.13   0.45   1.46   12.0   1.11
u[922]                  0.16    0.23   0.44  -0.81   -0.1   0.23   0.48   0.89    4.0   1.49
u[923]                  0.08    0.26   0.61  -1.07  -0.36   0.07   0.54   1.19    5.0   1.35
u[924]                 -0.68    0.99   1.52  -2.81  -1.83  -1.05   0.23    2.4    2.0   2.66
u[925]                  0.41    0.63   0.92  -1.39  -0.15   0.57   1.21   1.59    2.0   4.37
u[926]                  0.02     0.4   0.85  -1.62  -0.62   0.05   0.69   1.51    5.0   1.44
u[927]                  0.38    0.57   0.84  -1.28   -0.2   0.54    1.1   1.43    2.0   4.53
u[928]                 -0.17    0.47   1.09  -2.34  -0.94  -0.12    0.6   1.88    5.0   1.32
u[929]                  0.17    0.27   0.48  -0.81  -0.17   0.22   0.54   0.98    3.0   1.61
u[930]                   0.1    0.26   0.46  -0.66  -0.25 9.7e-3   0.48   0.94    3.0   2.06
u[931]                  0.04    0.15   0.41  -0.76  -0.25   0.04   0.34   0.82    8.0   1.22
u[932]                  0.06    0.21   0.38  -0.61  -0.22 8.2e-3   0.34    0.8    3.0   1.83
u[933]                  0.13    0.31   0.93  -1.65  -0.53   0.13    0.8   1.85    9.0   1.17
u[934]                 -1.03     1.4   2.02  -3.04  -2.43  -1.99   0.32   2.96    2.0   5.03
u[935]                 -0.07    0.11   0.36  -0.74  -0.32  -0.08   0.16   0.65   10.0   1.13
u[936]                 -0.12    0.17   0.38  -0.82  -0.37  -0.14   0.12   0.67    5.0   1.26
u[937]                 -0.03    0.02   0.73   -1.5  -0.51  -0.01   0.45    1.4 1142.0   1.01
u[938]                 -0.52    0.73   1.07  -1.79  -1.34  -0.93   0.16   1.63    2.0    3.7
u[939]                 -0.41    0.57   0.87   -1.6  -1.01  -0.68   0.09   1.47    2.0   2.41
u[940]                 -0.01    0.41   1.08  -2.19  -0.76   0.05   0.77   1.97    7.0   1.24
u[941]                 -0.12    0.19   0.43  -0.92  -0.42  -0.12   0.17   0.76    5.0   1.31
u[942]                  0.25    0.36   0.55  -0.91  -0.09   0.41   0.65   0.99    2.0   2.53
u[943]                 -0.41    0.55   0.84  -1.52  -0.98  -0.68  -0.02   1.41    2.0   2.54
u[944]                 -0.06    0.06   0.75  -1.57  -0.55  -0.06   0.42   1.41  174.0   1.02
u[945]                  0.21    0.33   0.54  -0.91  -0.17   0.27   0.63   1.07    3.0   2.12
u[946]                 -0.07    0.01   0.77  -1.62   -0.6  -0.06   0.45   1.42 4394.0    1.0
u[947]                  0.07    0.11   0.79  -1.55  -0.45   0.08    0.6    1.6   52.0   1.03
u[948]                 -0.19    0.41   0.81  -1.76  -0.78  -0.14   0.38   1.31    4.0   1.54
u[949]                  0.09    0.45    1.1  -1.98  -0.73   0.09   0.91   2.13    6.0   1.29
u[950]                  0.47    0.65   0.94  -1.37  -0.17   0.89    1.1   1.43    2.0    4.4
u[951]                  0.15    0.45   0.87  -1.47  -0.49   0.08   0.82   1.81    4.0   1.59
u[952]                  0.01    0.46   0.79  -1.15   -0.7-1.5e-3   0.57   1.48    3.0   2.57
u[953]                 -0.06    0.38   0.83  -1.63  -0.67  -0.07   0.55    1.5    5.0   1.41
u[954]                 -0.16    0.53   1.04  -2.19  -0.94  -0.09   0.59   1.71    4.0   1.54
u[955]                 -0.62    0.83   1.22  -2.02  -1.47  -1.13   0.11   1.87    2.0   3.61
u[956]                 -0.29    0.47   0.73  -1.39  -0.96  -0.34   0.31   1.07    2.0   2.69
u[957]                 -0.02     0.3   0.69   -1.4  -0.52 7.8e-3   0.48   1.21    5.0   1.34
u[958]                 -0.28    0.51   0.81  -1.49  -1.08  -0.28   0.44   1.09    3.0   2.71
u[959]                  0.11    0.17   0.36  -0.65  -0.12   0.15   0.37   0.76    5.0   1.33
u[960]                 -0.36    0.73   1.27  -2.74  -1.33  -0.27   0.51   2.12    3.0   1.83
u[961]                 -0.56    0.75   1.12  -1.94  -1.31  -0.98   0.02   1.77    2.0   3.05
u[962]                 -0.28    0.43   0.67  -1.25  -0.86   -0.4   0.24   1.01    2.0   2.52
u[963]                  0.54    0.79    1.2  -1.89   -0.3   0.84   1.54   2.15    2.0    2.8
u[964]                  0.06    0.32   0.94  -1.76   -0.6   0.09   0.75   1.77    9.0   1.19
u[965]                  0.41    0.57   0.84   -1.3  -0.09   0.74   0.99   1.37    2.0   3.42
u[966]                 -0.18    0.57   1.21   -2.5  -1.09  -0.13   0.69   2.05    5.0    1.4
u[967]                 -0.08    0.27    0.5  -0.95   -0.5  -0.08   0.33   0.81    3.0   1.84
u[968]                  0.41    0.58   1.07  -1.82  -0.32   0.55    1.2   2.21    3.0   1.52
u[969]                 -0.03    0.01   0.78  -1.56  -0.55  -0.03    0.5   1.54 3008.0   1.01
u[970]                  0.47    0.78   1.27   -1.9  -0.56   0.54    1.6   2.45    3.0   2.26
u[971]                  0.85    1.18   1.73   -2.5  -0.33   1.51   2.24   2.79    2.0   4.19
u[972]                   0.7    0.97   1.45  -2.11  -0.33   1.17   1.87    2.5    2.0   3.43
u[973]                 -0.39     0.6   1.08  -2.23   -1.2  -0.48   0.34   1.95    3.0   1.61
u[974]                  0.77    1.05    1.5  -2.09  -0.31   1.51   1.74    2.1    2.0   6.71
u[975]                  0.48    0.64   0.96  -1.51  -0.09   0.83   1.17   1.66    2.0   2.93
u[976]                 -0.03    0.23    0.9  -1.78  -0.65  -0.02   0.61   1.64   16.0    1.1
u[977]                  0.41    1.02   1.63  -2.51  -0.84  -0.13   1.82   3.17    3.0   3.27
u[978]                   0.8    1.14   1.64  -2.27  -0.34   1.34   2.12   2.44    2.0   7.22
u[979]                 -0.56    0.77   1.15  -1.95  -1.37   -1.0   0.19   1.89    2.0   3.07
u[980]                1.1e-3    0.04   0.41  -0.83  -0.27   0.01   0.29   0.76  123.0   1.03
u[981]                  0.69    0.94   1.36  -1.93  -0.19   1.36   1.61   1.94    2.0   5.67
u[982]                  0.46    0.65   0.94  -1.37  -0.13   0.81   1.17   1.52    2.0   4.72
u[983]                 -0.13    0.35    0.7  -1.54  -0.63  -0.07   0.37   1.13    4.0   1.49
u[984]                  0.05    0.36   0.85  -1.55  -0.56   0.01   0.69   1.68    6.0   1.33
u[985]                  0.03     0.2   0.48   -0.9  -0.32   0.04   0.39   0.91    6.0    1.3
u[986]                 -0.14     0.3    0.7   -1.5  -0.63   -0.1   0.36   1.14    5.0   1.31
u[987]                 -0.05    0.16   0.85  -1.74  -0.62  -0.06   0.55    1.6   27.0   1.06
u[988]                  0.25    0.48   0.91  -1.48  -0.46   0.27   0.98   1.83    4.0   1.58
u[989]                  0.44    0.61    0.9   -1.4  -0.09    0.8   1.09   1.49    2.0   3.42
u[990]                 -0.19    0.35   0.85  -1.83  -0.78  -0.19    0.4   1.45    6.0   1.27
u[991]                  0.19    0.44    0.7  -1.08  -0.32   0.01   0.81   1.41    3.0    2.9
u[992]                  0.42    0.86   1.57  -2.47  -0.83   0.45    1.7   3.15    3.0    1.7
u[993]                 -0.31    0.43    0.7   -1.4  -0.79  -0.47   0.11   1.18    3.0    2.0
u[994]                 -0.09    0.15   0.37  -0.82  -0.34  -0.09   0.16   0.68    6.0   1.22
u[995]                 -0.13     0.3   0.93  -1.95  -0.77  -0.11    0.5   1.66   10.0   1.16
u[996]                  0.13    0.18   0.38  -0.65  -0.11   0.15   0.39   0.82    4.0    1.4
u[997]                 -0.16    0.71   1.34  -2.74  -1.19-4.3e-3   0.87   2.13    4.0    1.7
u[998]                   0.3     0.8   1.29  -2.05  -0.71  -0.11   1.42   2.55    3.0   3.13
u[999]                 -0.08    0.38   0.65  -1.07   -0.7  -0.03   0.45   1.05    3.0   2.41
u[1000]                 0.25    0.34   0.59  -1.03  -0.13   0.36   0.69   1.14    3.0    1.7
transcript0            -0.36    0.02    0.6   -1.6  -0.75  -0.34   0.06   0.76 1144.0   1.01
view0                   1.16    0.02   0.61  -0.02   0.74   1.15   1.58   2.35 1066.0    1.0
eta_u_transcript        0.13    0.62   1.04  -1.66  -0.76   0.04   1.19   1.63    3.0   2.69
eta_u_view              0.36     0.4   0.57  -0.67  -0.06   0.64   0.72   0.84    2.0  10.75
eta_u_rating            0.26    0.29   0.42  -0.52 2.0e-3   0.46   0.53   0.66    2.0   6.46
eta_a_transcript[1]     0.32    0.01   0.47  -0.64 3.2e-3   0.31   0.64   1.27 1013.0    1.0
eta_a_transcript[2]    -0.61    0.01   0.47  -1.53  -0.93  -0.61   -0.3   0.32  991.0   1.01
eta_a_transcript[3]     0.04    0.01   0.47  -0.87  -0.28   0.05   0.35   0.94  998.0    1.0
eta_a_transcript[4]     0.02    0.01   0.47  -0.88   -0.3   0.02   0.34   0.98 1059.0    1.0
eta_a_transcript[5]    -0.39    0.02   0.52  -1.41  -0.74  -0.39  -0.04   0.63 1193.0    1.0
eta_a_transcript[6]     0.14    0.01   0.51  -0.86   -0.2   0.14   0.49   1.15 1203.0    1.0
eta_a_transcript[7]    -0.01    0.01   0.51  -1.02  -0.35-4.4e-3   0.33   0.98 1206.0    1.0
eta_a_view[1]           0.51    0.02   0.46   -0.4    0.2   0.51   0.82   1.41  776.0    1.0
eta_a_view[2]          -0.36    0.02   0.48  -1.32  -0.68  -0.36  -0.05   0.57  405.0   1.02
eta_a_view[3]           0.63    0.02   0.46  -0.26   0.32   0.63   0.94   1.53  788.0    1.0
eta_a_view[4]           0.35    0.02   0.46  -0.57   0.04   0.35   0.66   1.24  758.0    1.0
eta_a_view[5]           1.39    0.02   0.51   0.38   1.04    1.4   1.73   2.41  919.0   1.01
eta_a_view[6]           1.58    0.02   0.51   0.58   1.23   1.58   1.92   2.58 1019.0   1.01
eta_a_view[7]          -1.87    0.02   0.51  -2.85  -2.22  -1.86  -1.52  -0.87 1068.0   1.01
eta_a_rating[1]        -0.68    0.01   0.38  -1.42  -0.94  -0.69  -0.42   0.07  664.0   1.01
eta_a_rating[2]         0.89    0.02   0.38   0.16   0.64   0.88   1.14   1.65  614.0   1.02
eta_a_rating[3]         -0.2    0.01   0.37  -0.92  -0.45  -0.21   0.05   0.54  663.0   1.01
eta_a_rating[4]         0.98    0.01   0.37   0.27   0.73   0.98   1.23   1.74  659.0   1.01
eta_a_rating[5]        -0.92    0.02   0.38  -1.68  -1.18  -0.92  -0.67  -0.18  586.0   1.03
eta_a_rating[6]         1.18    0.01   0.38   0.43   0.93   1.18   1.43    1.9  640.0   1.01
eta_a_rating[7]         0.84    0.01   0.37    0.1   0.59   0.85   1.09   1.56  649.0   1.01
eta_transcript_view    -0.48    0.08   0.13  -0.68  -0.58  -0.47  -0.38  -0.22    3.0   2.49
eta_transcript_rating   1.15    0.06    0.1   0.99   1.08   1.15   1.22   1.35    3.0   2.24
eta_view_rating         0.81  8.8e-6 5.5e-4   0.81   0.81   0.81   0.81   0.81 3994.0    1.0
sigma_transcript_sq     4.69     0.4   0.95   2.89   3.93   4.78   5.54   6.09    6.0   1.44
sigma_rating_sq         1.44  1.2e-3   0.07   1.31    1.4   1.44   1.49   1.58 3570.0    1.0
sigma_transcript        2.15    0.09   0.22    1.7   1.98   2.19   2.35   2.47    6.0   1.42
sigma_rating             1.2  4.8e-4   0.03   1.15   1.18    1.2   1.22   1.26 3559.0    1.0
lp__                   1.3e5    42.5 107.45  1.3e5  1.3e5  1.3e5  1.3e5  1.3e5    6.0   1.37

Samples were drawn using NUTS at Tue Apr 23 11:20:18 2019.
For each parameter, n_eff is a crude measure of effective sample size,
and Rhat is the potential scale reduction factor on split chains (at 
convergence, Rhat=1).
